This is pdfTeX, Version 3.14159265-2.6-1.40.20 (TeX Live 2019/Debian) (preloaded format=latex 2021.3.30)  12 APR 2021 09:23
entering extended mode
 restricted \write18 enabled.
 %&-line parsing enabled.
**/home/masatsugu/Programs/VS_code/Tex/Practice_3/Practice_3.tex
(/home/masatsugu/Programs/VS_code/Tex/Practice_3/Practice_3.tex
LaTeX2e <2020-02-02> patch level 2
L3 programming layer <2020-02-14> (/usr/share/texlive/texmf-dist/tex/platex/jsclasses/jsarticle.cls

! LaTeX Error: This file needs format `pLaTeX2e'
               but this is `LaTeX2e'.

See the LaTeX manual or LaTeX Companion for explanation.
Type  H <return>  for immediate help.
 ...                                              
                                                  
l.26 \NeedsTeXFormat{pLaTeX2e}
                              
The current input file will not be processed further,
because it was written for some other flavor of TeX.
You're in trouble here.  Try typing  <return>  to proceed.
If that doesn't work, type  X <return>  to quit.

) (/usr/share/texlive/texmf-dist/tex/latex/amsmath/amsmath.sty
Package: amsmath 2020/01/20 v2.17e AMS math features
\@mathmargin=\skip47
For additional information on amsmath, use the `?' option.
(/usr/share/texlive/texmf-dist/tex/latex/amsmath/amstext.sty
Package: amstext 2000/06/29 v2.01 AMS text
(/usr/share/texlive/texmf-dist/tex/latex/amsmath/amsgen.sty
File: amsgen.sty 1999/11/30 v2.0 generic functions
\@emptytoks=\toks14
\ex@=\dimen134
)) (/usr/share/texlive/texmf-dist/tex/latex/amsmath/amsbsy.sty
Package: amsbsy 1999/11/29 v1.2d Bold Symbols
\pmbraise@=\dimen135
) (/usr/share/texlive/texmf-dist/tex/latex/amsmath/amsopn.sty
Package: amsopn 2016/03/08 v2.02 operator names
)
\inf@bad=\count167
LaTeX Info: Redefining \frac on input line 227.
\uproot@=\count168
\leftroot@=\count169
LaTeX Info: Redefining \overline on input line 389.
\classnum@=\count170
\DOTSCASE@=\count171
LaTeX Info: Redefining \ldots on input line 486.
LaTeX Info: Redefining \dots on input line 489.
LaTeX Info: Redefining \cdots on input line 610.
\Mathstrutbox@=\box45
\strutbox@=\box46
\big@size=\dimen136
LaTeX Font Info:    Redeclaring font encoding OML on input line 733.
LaTeX Font Info:    Redeclaring font encoding OMS on input line 734.
\macc@depth=\count172
\c@MaxMatrixCols=\count173
\dotsspace@=\muskip16
\c@parentequation=\count174
\dspbrk@lvl=\count175
\tag@help=\toks15
\row@=\count176
\column@=\count177
\maxfields@=\count178
\andhelp@=\toks16
\eqnshift@=\dimen137
\alignsep@=\dimen138
\tagshift@=\dimen139
\tagwidth@=\dimen140
\totwidth@=\dimen141
\lineht@=\dimen142
\@envbody=\toks17
\multlinegap=\skip48
\multlinetaggap=\skip49
\mathdisplay@stack=\toks18
LaTeX Info: Redefining \[ on input line 2859.
LaTeX Info: Redefining \] on input line 2860.
) (/usr/share/texlive/texmf-dist/tex/latex/amsfonts/amsfonts.sty
Package: amsfonts 2013/01/14 v3.01 Basic AMSFonts support
\symAMSa=\mathgroup4
\symAMSb=\mathgroup5
LaTeX Font Info:    Redeclaring math symbol \hbar on input line 98.
LaTeX Font Info:    Overwriting math alphabet `\mathfrak' in version `bold'
(Font)                  U/euf/m/n --> U/euf/b/n on input line 106.
) (/usr/share/texlive/texmf-dist/tex/latex/amsfonts/amssymb.sty
Package: amssymb 2013/01/14 v3.01 AMS font symbols
) (/usr/share/texlive/texmf-dist/tex/latex/graphics/graphicx.sty
Package: graphicx 2019/11/30 v1.2a Enhanced LaTeX Graphics (DPC,SPQR)
(/usr/share/texlive/texmf-dist/tex/latex/graphics/keyval.sty
Package: keyval 2014/10/28 v1.15 key=value parser (DPC)
\KV@toks@=\toks19
) (/usr/share/texlive/texmf-dist/tex/latex/graphics/graphics.sty
Package: graphics 2019/11/30 v1.4a Standard LaTeX Graphics (DPC,SPQR)
(/usr/share/texlive/texmf-dist/tex/latex/graphics/trig.sty
Package: trig 2016/01/03 v1.10 sin cos tan (DPC)
) (/usr/share/texlive/texmf-dist/tex/latex/graphics-cfg/graphics.cfg
File: graphics.cfg 2016/06/04 v1.11 sample graphics configuration
)
Package graphics Info: Driver file: dvipdfmx.def on input line 105.
(/usr/share/texlive/texmf-dist/tex/latex/graphics-def/dvipdfmx.def
File: dvipdfmx.def 2017/06/24 v5.0g Graphics/color driver for dvipdfmx
))
\Gin@req@height=\dimen143
\Gin@req@width=\dimen144
) (/usr/share/texlive/texmf-dist/tex/latex/listings/listings.sty
\lst@mode=\count179
\lst@gtempboxa=\box47
\lst@token=\toks20
\lst@length=\count180
\lst@currlwidth=\dimen145
\lst@column=\count181
\lst@pos=\count182
\lst@lostspace=\dimen146
\lst@width=\dimen147
\lst@newlines=\count183
\lst@lineno=\count184
\abovecaptionskip=\skip50
\belowcaptionskip=\skip51
\lst@maxwidth=\dimen148
(/usr/share/texlive/texmf-dist/tex/latex/listings/lstmisc.sty
File: lstmisc.sty 2019/09/10 1.8c (Carsten Heinz)
\c@lstnumber=\count185
\lst@skipnumbers=\count186
\lst@framebox=\box48
) (/usr/share/texlive/texmf-dist/tex/latex/listings/listings.cfg
File: listings.cfg 2019/09/10 1.8c listings configuration
))
Package: listings 2019/09/10 1.8c (Carsten Heinz)
(/usr/share/texlive/texmf-dist/tex/latex/jvlisting/jvlisting.sty
Package: jvlisting 2011/11/17 v0.7 Formatted Program Listings
\jvl@idt=\count187
\jvl@tmphyphenchar=\count188
\jvl@fileinput=\read2
\listingskipamount=\skip52
\listingindent=\dimen149
\prelistingpenalty=\count189
\listingpenalty=\count190
\postlistingpenalty=\count191
) (/usr/share/texlive/texmf-dist/tex/latex/geometry/geometry.sty
Package: geometry 2020/01/02 v5.9 Page Geometry
(/usr/share/texlive/texmf-dist/tex/generic/iftex/ifvtex.sty
Package: ifvtex 2019/10/25 v1.7 ifvtex legacy package. Use iftex instead.
(/usr/share/texlive/texmf-dist/tex/generic/iftex/iftex.sty
Package: iftex 2019/11/07 v1.0c TeX engine tests
))
\Gm@cnth=\count192
\Gm@cntv=\count193
\c@Gm@tempcnt=\count194
\Gm@bindingoffset=\dimen150
\Gm@wd@mp=\dimen151
\Gm@odd@mp=\dimen152
\Gm@even@mp=\dimen153
\Gm@layoutwidth=\dimen154
\Gm@layoutheight=\dimen155
\Gm@layouthoffset=\dimen156
\Gm@layoutvoffset=\dimen157
\Gm@dimlist=\toks21
) (/usr/share/texlive/texmf-dist/tex/latex/l3backend/l3backend-dvips.def
File: l3backend-dvips.def 2020-02-03 L3 backend support: dvips
\l__pdf_internal_box=\box49
\g__pdf_backend_object_int=\count195
\l__pdf_backend_content_box=\box50
\l__pdf_backend_model_box=\box51
\g__pdf_backend_annotation_int=\count196
\g__pdf_backend_link_int=\count197
\g__pdf_backend_link_sf_int=\count198
) (out/Practice_3.aux)
\openout1 = `Practice_3.aux'.

LaTeX Font Info:    Checking defaults for OML/cmm/m/it on input line 35.
LaTeX Font Info:    ... okay on input line 35.
LaTeX Font Info:    Checking defaults for OMS/cmsy/m/n on input line 35.
LaTeX Font Info:    ... okay on input line 35.
LaTeX Font Info:    Checking defaults for OT1/cmr/m/n on input line 35.
LaTeX Font Info:    ... okay on input line 35.
LaTeX Font Info:    Checking defaults for T1/cmr/m/n on input line 35.
LaTeX Font Info:    ... okay on input line 35.
LaTeX Font Info:    Checking defaults for TS1/cmr/m/n on input line 35.
LaTeX Font Info:    ... okay on input line 35.
LaTeX Font Info:    Checking defaults for OMX/cmex/m/n on input line 35.
LaTeX Font Info:    ... okay on input line 35.
LaTeX Font Info:    Checking defaults for U/cmr/m/n on input line 35.
LaTeX Font Info:    ... okay on input line 35.

! LaTeX Error: The font size command \normalsize is not defined:
               there is probably something wrong with the class file.

See the LaTeX manual or LaTeX Companion for explanation.
Type  H <return>  for immediate help.
 ...                                              
                                                  
l.35 \begin{document}
                     
Your command was ignored.
Type  I <command> <return>  to replace it with another command,
or  <return>  to continue without it.

\c@lstlisting=\count199
*geometry* driver: auto-detecting
*geometry* detected driver: dvips
*geometry* verbose mode - [ preamble ] result:
* driver: dvips
* paper: a4paper
* layout: <same size as paper>
* layoutoffset:(h,v)=(0.0pt,0.0pt)
* modes: 
* h-part:(L,W,R)=(89.62709pt, 418.25368pt, 89.6271pt)
* v-part:(T,H,B)=(101.40665pt, 591.5302pt, 152.11pt)
* \paperwidth=597.50787pt
* \paperheight=845.04684pt
* \textwidth=418.25368pt
* \textheight=591.5302pt
* \oddsidemargin=17.3571pt
* \evensidemargin=17.3571pt
* \topmargin=29.13666pt
* \headheight=0.0pt
* \headsep=0.0pt
* \topskip=10.0pt
* \footskip=0.0pt
* \marginparwidth=0.0pt
* \marginparsep=0.0pt
* \columnsep=0.0pt
* \skip\footins=12.0pt plus 4.0pt minus 4.0pt
* \hoffset=0.0pt
* \voffset=0.0pt
* \mag=1000
* \@twocolumnfalse
* \@twosidefalse
* \@mparswitchfalse
* \@reversemarginfalse
* (1in=72.27pt=25.4mm, 1cm=28.453pt)

! Undefined control sequence.
l.36 \maketitle
               
The control sequence at the end of the top line
of your error message was never \def'ed. If you have
misspelled it (e.g., `\hobx'), type `I' and the correct
spelling (e.g., `I\hbox'). Otherwise just continue,
and I'll forget about whatever was undefined.

*geometry* verbose mode - [ newgeometry ] result:
* driver: dvips
* paper: a4paper
* layout: <same size as paper>
* layoutoffset:(h,v)=(0.0pt,0.0pt)
* modes: 
* h-part:(L,W,R)=(42.67912pt, 512.14963pt, 42.67912pt)
* v-part:(T,H,B)=(42.67912pt, 745.46222pt, 56.9055pt)
* \paperwidth=597.50787pt
* \paperheight=845.04684pt
* \textwidth=512.14963pt
* \textheight=745.46222pt
* \oddsidemargin=-29.59087pt
* \evensidemargin=-29.59087pt
* \topmargin=-29.59087pt
* \headheight=0.0pt
* \headsep=0.0pt
* \topskip=10.0pt
* \footskip=0.0pt
* \marginparwidth=0.0pt
* \marginparsep=0.0pt
* \columnsep=0.0pt
* \skip\footins=12.0pt plus 4.0pt minus 4.0pt
* \hoffset=0.0pt
* \voffset=0.0pt
* \mag=1000
* \@twocolumnfalse
* \@twosidefalse
* \@mparswitchfalse
* \@reversemarginfalse
* (1in=72.27pt=25.4mm, 1cm=28.453pt)

! Undefined control sequence.
l.43     {\large
                 \textbf{ã€æ¼”ç¿’1ã€‘} \\
The control sequence at the end of the top line
of your error message was never \def'ed. If you have
misspelled it (e.g., `\hobx'), type `I' and the correct
spelling (e.g., `I\hbox'). Otherwise just continue,
and I'll forget about whatever was undefined.


! Package inputenc Error: Unicode character ã€ (U+3010)
(inputenc)                not set up for use with LaTeX.

See the inputenc package documentation for explanation.
Type  H <return>  for immediate help.
 ...                                              
                                                  
l.43     {\large \textbf{ã€æ¼”ç¿’1ã€‘}
                                        \\
You may provide a definition with
\DeclareUnicodeCharacter 


! Package inputenc Error: Unicode character æ¼” (U+6F14)
(inputenc)                not set up for use with LaTeX.

See the inputenc package documentation for explanation.
Type  H <return>  for immediate help.
 ...                                              
                                                  
l.43     {\large \textbf{ã€æ¼”ç¿’1ã€‘}
                                        \\
You may provide a definition with
\DeclareUnicodeCharacter 


! Package inputenc Error: Unicode character ç¿’ (U+7FD2)
(inputenc)                not set up for use with LaTeX.

See the inputenc package documentation for explanation.
Type  H <return>  for immediate help.
 ...                                              
                                                  
l.43     {\large \textbf{ã€æ¼”ç¿’1ã€‘}
                                        \\
You may provide a definition with
\DeclareUnicodeCharacter 


! Package inputenc Error: Unicode character ã€‘ (U+3011)
(inputenc)                not set up for use with LaTeX.

See the inputenc package documentation for explanation.
Type  H <return>  for immediate help.
 ...                                              
                                                  
l.43     {\large \textbf{ã€æ¼”ç¿’1ã€‘}
                                        \\
You may provide a definition with
\DeclareUnicodeCharacter 


! Package inputenc Error: Unicode character æ¸¦ (U+6E26)
(inputenc)                not set up for use with LaTeX.

See the inputenc package documentation for explanation.
Type  H <return>  for immediate help.
 ...                                              
                                                  
l.44         Taylor-Greenæ¸¦
                            ã®äºŒæ¬¡å…ƒé€Ÿåº¦å ´ã®å®šå¸¸è§£$\left( t=\inft...
You may provide a definition with
\DeclareUnicodeCharacter 


! Package inputenc Error: Unicode character ã® (U+306E)
(inputenc)                not set up for use with LaTeX.

See the inputenc package documentation for explanation.
Type  H <return>  for immediate help.
 ...                                              
                                                  
l.44         Taylor-Greenæ¸¦ã®
                               äºŒæ¬¡å…ƒé€Ÿåº¦å ´ã®å®šå¸¸è§£$\left( t=\inft...
You may provide a definition with
\DeclareUnicodeCharacter 


! Package inputenc Error: Unicode character äºŒ (U+4E8C)
(inputenc)                not set up for use with LaTeX.

See the inputenc package documentation for explanation.
Type  H <return>  for immediate help.
 ...                                              
                                                  
l.44         Taylor-Greenæ¸¦ã®äºŒ
                                  æ¬¡å…ƒé€Ÿåº¦å ´ã®å®šå¸¸è§£$\left( t=\inft...
You may provide a definition with
\DeclareUnicodeCharacter 


! Package inputenc Error: Unicode character æ¬¡ (U+6B21)
(inputenc)                not set up for use with LaTeX.

See the inputenc package documentation for explanation.
Type  H <return>  for immediate help.
 ...                                              
                                                  
l.44         Taylor-Greenæ¸¦ã®äºŒæ¬¡
                                     å…ƒé€Ÿåº¦å ´ã®å®šå¸¸è§£$\left( t=\inft...
You may provide a definition with
\DeclareUnicodeCharacter 


! Package inputenc Error: Unicode character å…ƒ (U+5143)
(inputenc)                not set up for use with LaTeX.

See the inputenc package documentation for explanation.
Type  H <return>  for immediate help.
 ...                                              
                                                  
l.44         Taylor-Greenæ¸¦ã®äºŒæ¬¡å…ƒ
                                        é€Ÿåº¦å ´ã®å®šå¸¸è§£$\left( t=\inft...
You may provide a definition with
\DeclareUnicodeCharacter 


! Package inputenc Error: Unicode character é€Ÿ (U+901F)
(inputenc)                not set up for use with LaTeX.

See the inputenc package documentation for explanation.
Type  H <return>  for immediate help.
 ...                                              
                                                  
l.44         Taylor-Greenæ¸¦ã®äºŒæ¬¡å…ƒé€Ÿ
                                           åº¦å ´ã®å®šå¸¸è§£$\left( t=\inft...
You may provide a definition with
\DeclareUnicodeCharacter 


! Package inputenc Error: Unicode character åº¦ (U+5EA6)
(inputenc)                not set up for use with LaTeX.

See the inputenc package documentation for explanation.
Type  H <return>  for immediate help.
 ...                                              
                                                  
l.44         Taylor-Greenæ¸¦ã®äºŒæ¬¡å…ƒé€Ÿåº¦
                                              å ´ã®å®šå¸¸è§£$\left( t=\inft...
You may provide a definition with
\DeclareUnicodeCharacter 


! Package inputenc Error: Unicode character å ´ (U+5834)
(inputenc)                not set up for use with LaTeX.

See the inputenc package documentation for explanation.
Type  H <return>  for immediate help.
 ...                                              
                                                  
l.44         Taylor-Greenæ¸¦ã®äºŒæ¬¡å…ƒé€Ÿåº¦å ´
                                                 ã®å®šå¸¸è§£$\left( t=\inft...
You may provide a definition with
\DeclareUnicodeCharacter 


! Package inputenc Error: Unicode character ã® (U+306E)
(inputenc)                not set up for use with LaTeX.

See the inputenc package documentation for explanation.
Type  H <return>  for immediate help.
 ...                                              
                                                  
l.44 ...   Taylor-Greenæ¸¦ã®äºŒæ¬¡å…ƒé€Ÿåº¦å ´ã®
                                                  å®šå¸¸è§£$\left( t=\infty ...
You may provide a definition with
\DeclareUnicodeCharacter 


! Package inputenc Error: Unicode character å®š (U+5B9A)
(inputenc)                not set up for use with LaTeX.

See the inputenc package documentation for explanation.
Type  H <return>  for immediate help.
 ...                                              
                                                  
l.44 ...Taylor-Greenæ¸¦ã®äºŒæ¬¡å…ƒé€Ÿåº¦å ´ã®å®š
                                                  å¸¸è§£$\left( t=\infty \ri...
You may provide a definition with
\DeclareUnicodeCharacter 


! Package inputenc Error: Unicode character å¸¸ (U+5E38)
(inputenc)                not set up for use with LaTeX.

See the inputenc package documentation for explanation.
Type  H <return>  for immediate help.
 ...                                              
                                                  
l.44 ...lor-Greenæ¸¦ã®äºŒæ¬¡å…ƒé€Ÿåº¦å ´ã®å®šå¸¸
                                                  è§£$\left( t=\infty \right...
You may provide a definition with
\DeclareUnicodeCharacter 


! Package inputenc Error: Unicode character è§£ (U+89E3)
(inputenc)                not set up for use with LaTeX.

See the inputenc package documentation for explanation.
Type  H <return>  for immediate help.
 ...                                              
                                                  
l.44 ...-Greenæ¸¦ã®äºŒæ¬¡å…ƒé€Ÿåº¦å ´ã®å®šå¸¸è§£
                                                  $\left( t=\infty \right)$ã®
You may provide a definition with
\DeclareUnicodeCharacter 

LaTeX Font Info:    Trying to load font information for U+msa on input line 44.
(/usr/share/texlive/texmf-dist/tex/latex/amsfonts/umsa.fd
File: umsa.fd 2013/01/14 v3.01 AMS symbols A
)
LaTeX Font Info:    Trying to load font information for U+msb on input line 44.
(/usr/share/texlive/texmf-dist/tex/latex/amsfonts/umsb.fd
File: umsb.fd 2013/01/14 v3.01 AMS symbols B
)

! Package inputenc Error: Unicode character ã® (U+306E)
(inputenc)                not set up for use with LaTeX.

See the inputenc package documentation for explanation.
Type  H <return>  for immediate help.
 ...                                              
                                                  
l.44 ... ´ã®å®šå¸¸è§£$\left( t=\infty \right)$ã®
                                                  
You may provide a definition with
\DeclareUnicodeCharacter 


! Package inputenc Error: Unicode character ã‚’ (U+3092)
(inputenc)                not set up for use with LaTeX.

See the inputenc package documentation for explanation.
Type  H <return>  for immediate help.
 ...                                              
                                                  
l.45         $\textbf{u}\left(u,v\right)$ã‚’
                                            å°å‡ºã™ã‚‹ï¼}\\
You may provide a definition with
\DeclareUnicodeCharacter 


! Package inputenc Error: Unicode character å° (U+5C0E)
(inputenc)                not set up for use with LaTeX.

See the inputenc package documentation for explanation.
Type  H <return>  for immediate help.
 ...                                              
                                                  
l.45         $\textbf{u}\left(u,v\right)$ã‚’å°
                                               å‡ºã™ã‚‹ï¼}\\
You may provide a definition with
\DeclareUnicodeCharacter 


! Package inputenc Error: Unicode character å‡º (U+51FA)
(inputenc)                not set up for use with LaTeX.

See the inputenc package documentation for explanation.
Type  H <return>  for immediate help.
 ...                                              
                                                  
l.45         $\textbf{u}\left(u,v\right)$ã‚’å°å‡º
                                                  ã™ã‚‹ï¼}\\
You may provide a definition with
\DeclareUnicodeCharacter 


! Package inputenc Error: Unicode character ã™ (U+3059)
(inputenc)                not set up for use with LaTeX.

See the inputenc package documentation for explanation.
Type  H <return>  for immediate help.
 ...                                              
                                                  
l.45 ...  $\textbf{u}\left(u,v\right)$ã‚’å°å‡ºã™
                                                  ã‚‹ï¼}\\
You may provide a definition with
\DeclareUnicodeCharacter 


! Package inputenc Error: Unicode character ã‚‹ (U+308B)
(inputenc)                not set up for use with LaTeX.

See the inputenc package documentation for explanation.
Type  H <return>  for immediate help.
 ...                                              
                                                  
l.45 ...\textbf{u}\left(u,v\right)$ã‚’å°å‡ºã™ã‚‹
                                                  ï¼}\\
You may provide a definition with
\DeclareUnicodeCharacter 


! Package inputenc Error: Unicode character ï¼ (U+FF0E)
(inputenc)                not set up for use with LaTeX.

See the inputenc package documentation for explanation.
Type  H <return>  for immediate help.
 ...                                              
                                                  
l.45 ...xtbf{u}\left(u,v\right)$ã‚’å°å‡ºã™ã‚‹ï¼
                                                  }\\
You may provide a definition with
\DeclareUnicodeCharacter 


! Package inputenc Error: Unicode character ã« (U+306B)
(inputenc)                not set up for use with LaTeX.

See the inputenc package documentation for explanation.
Type  H <return>  for immediate help.
 ...                                              
                                                  
l.47 $\left(x,y\right)$ã«
                          ãŠã‘ã‚‹ï¼Œé€£ç¶šã®å¼åŠã³ãƒŠãƒ“ã‚¨ãƒ»ã‚¹ãƒˆãƒ...
You may provide a definition with
\DeclareUnicodeCharacter 


! Package inputenc Error: Unicode character ãŠ (U+304A)
(inputenc)                not set up for use with LaTeX.

See the inputenc package documentation for explanation.
Type  H <return>  for immediate help.
 ...                                              
                                                  
l.47 $\left(x,y\right)$ã«ãŠ
                             ã‘ã‚‹ï¼Œé€£ç¶šã®å¼åŠã³ãƒŠãƒ“ã‚¨ãƒ»ã‚¹ãƒˆãƒ...
You may provide a definition with
\DeclareUnicodeCharacter 


! Package inputenc Error: Unicode character ã‘ (U+3051)
(inputenc)                not set up for use with LaTeX.

See the inputenc package documentation for explanation.
Type  H <return>  for immediate help.
 ...                                              
                                                  
l.47 $\left(x,y\right)$ã«ãŠã‘
                                ã‚‹ï¼Œé€£ç¶šã®å¼åŠã³ãƒŠãƒ“ã‚¨ãƒ»ã‚¹ãƒˆãƒ...
You may provide a definition with
\DeclareUnicodeCharacter 


! Package inputenc Error: Unicode character ã‚‹ (U+308B)
(inputenc)                not set up for use with LaTeX.

See the inputenc package documentation for explanation.
Type  H <return>  for immediate help.
 ...                                              
                                                  
l.47 $\left(x,y\right)$ã«ãŠã‘ã‚‹
                                   ï¼Œé€£ç¶šã®å¼åŠã³ãƒŠãƒ“ã‚¨ãƒ»ã‚¹ãƒˆãƒ...
You may provide a definition with
\DeclareUnicodeCharacter 


! Package inputenc Error: Unicode character ï¼Œ (U+FF0C)
(inputenc)                not set up for use with LaTeX.

See the inputenc package documentation for explanation.
Type  H <return>  for immediate help.
 ...                                              
                                                  
l.47 $\left(x,y\right)$ã«ãŠã‘ã‚‹ï¼Œ
                                      é€£ç¶šã®å¼åŠã³ãƒŠãƒ“ã‚¨ãƒ»ã‚¹ãƒˆãƒ...
You may provide a definition with
\DeclareUnicodeCharacter 


! Package inputenc Error: Unicode character é€£ (U+9023)
(inputenc)                not set up for use with LaTeX.

See the inputenc package documentation for explanation.
Type  H <return>  for immediate help.
 ...                                              
                                                  
l.47 $\left(x,y\right)$ã«ãŠã‘ã‚‹ï¼Œé€£
                                         ç¶šã®å¼åŠã³ãƒŠãƒ“ã‚¨ãƒ»ã‚¹ãƒˆãƒ...
You may provide a definition with
\DeclareUnicodeCharacter 


! Package inputenc Error: Unicode character ç¶š (U+7D9A)
(inputenc)                not set up for use with LaTeX.

See the inputenc package documentation for explanation.
Type  H <return>  for immediate help.
 ...                                              
                                                  
l.47 $\left(x,y\right)$ã«ãŠã‘ã‚‹ï¼Œé€£ç¶š
                                            ã®å¼åŠã³ãƒŠãƒ“ã‚¨ãƒ»ã‚¹ãƒˆãƒ...
You may provide a definition with
\DeclareUnicodeCharacter 


! Package inputenc Error: Unicode character ã® (U+306E)
(inputenc)                not set up for use with LaTeX.

See the inputenc package documentation for explanation.
Type  H <return>  for immediate help.
 ...                                              
                                                  
l.47 $\left(x,y\right)$ã«ãŠã‘ã‚‹ï¼Œé€£ç¶šã®
                                               å¼åŠã³ãƒŠãƒ“ã‚¨ãƒ»ã‚¹ãƒˆãƒ...
You may provide a definition with
\DeclareUnicodeCharacter 


! Package inputenc Error: Unicode character å¼ (U+5F0F)
(inputenc)                not set up for use with LaTeX.

See the inputenc package documentation for explanation.
Type  H <return>  for immediate help.
 ...                                              
                                                  
l.47 $\left(x,y\right)$ã«ãŠã‘ã‚‹ï¼Œé€£ç¶šã®å¼
                                                  åŠã³ãƒŠãƒ“ã‚¨ãƒ»ã‚¹ãƒˆãƒ...
You may provide a definition with
\DeclareUnicodeCharacter 


! Package inputenc Error: Unicode character åŠ (U+53CA)
(inputenc)                not set up for use with LaTeX.

See the inputenc package documentation for explanation.
Type  H <return>  for immediate help.
 ...                                              
                                                  
l.47 ...(x,y\right)$ã«ãŠã‘ã‚‹ï¼Œé€£ç¶šã®å¼åŠ
                                                  ã³ãƒŠãƒ“ã‚¨ãƒ»ã‚¹ãƒˆãƒ¼ã‚...
You may provide a definition with
\DeclareUnicodeCharacter 


! Package inputenc Error: Unicode character ã³ (U+3073)
(inputenc)                not set up for use with LaTeX.

See the inputenc package documentation for explanation.
Type  H <return>  for immediate help.
 ...                                              
                                                  
l.47 ...y\right)$ã«ãŠã‘ã‚‹ï¼Œé€£ç¶šã®å¼åŠã³
                                                  ãƒŠãƒ“ã‚¨ãƒ»ã‚¹ãƒˆãƒ¼ã‚¯ã‚...
You may provide a definition with
\DeclareUnicodeCharacter 


! Package inputenc Error: Unicode character ãƒŠ (U+30CA)
(inputenc)                not set up for use with LaTeX.

See the inputenc package documentation for explanation.
Type  H <return>  for immediate help.
 ...                                              
                                                  
l.47 ...ight)$ã«ãŠã‘ã‚‹ï¼Œé€£ç¶šã®å¼åŠã³ãƒŠ
                                                  ãƒ“ã‚¨ãƒ»ã‚¹ãƒˆãƒ¼ã‚¯ã‚¹æ–...
You may provide a definition with
\DeclareUnicodeCharacter 


! Package inputenc Error: Unicode character ãƒ“ (U+30D3)
(inputenc)                not set up for use with LaTeX.

See the inputenc package documentation for explanation.
Type  H <return>  for immediate help.
 ...                                              
                                                  
l.47 ...t)$ã«ãŠã‘ã‚‹ï¼Œé€£ç¶šã®å¼åŠã³ãƒŠãƒ“
                                                  ã‚¨ãƒ»ã‚¹ãƒˆãƒ¼ã‚¯ã‚¹æ–¹ç¨...
You may provide a definition with
\DeclareUnicodeCharacter 


! Package inputenc Error: Unicode character ã‚¨ (U+30A8)
(inputenc)                not set up for use with LaTeX.

See the inputenc package documentation for explanation.
Type  H <return>  for immediate help.
 ...                                              
                                                  
l.47 ...ã«ãŠã‘ã‚‹ï¼Œé€£ç¶šã®å¼åŠã³ãƒŠãƒ“ã‚¨
                                                  ãƒ»ã‚¹ãƒˆãƒ¼ã‚¯ã‚¹æ–¹ç¨‹å¼...
You may provide a definition with
\DeclareUnicodeCharacter 


! Package inputenc Error: Unicode character ãƒ» (U+30FB)
(inputenc)                not set up for use with LaTeX.

See the inputenc package documentation for explanation.
Type  H <return>  for immediate help.
 ...                                              
                                                  
l.47 ...ãŠã‘ã‚‹ï¼Œé€£ç¶šã®å¼åŠã³ãƒŠãƒ“ã‚¨ãƒ»
                                                  ã‚¹ãƒˆãƒ¼ã‚¯ã‚¹æ–¹ç¨‹å¼ã...
You may provide a definition with
\DeclareUnicodeCharacter 


! Package inputenc Error: Unicode character ã‚¹ (U+30B9)
(inputenc)                not set up for use with LaTeX.

See the inputenc package documentation for explanation.
Type  H <return>  for immediate help.
 ...                                              
                                                  
l.47 ...ã‘ã‚‹ï¼Œé€£ç¶šã®å¼åŠã³ãƒŠãƒ“ã‚¨ãƒ»ã‚¹
                                                  ãƒˆãƒ¼ã‚¯ã‚¹æ–¹ç¨‹å¼ã¯ï¼Œ\\
You may provide a definition with
\DeclareUnicodeCharacter 


! Package inputenc Error: Unicode character ãƒˆ (U+30C8)
(inputenc)                not set up for use with LaTeX.

See the inputenc package documentation for explanation.
Type  H <return>  for immediate help.
 ...                                              
                                                  
l.47 ...ã‚‹ï¼Œé€£ç¶šã®å¼åŠã³ãƒŠãƒ“ã‚¨ãƒ»ã‚¹ãƒˆ
                                                  ãƒ¼ã‚¯ã‚¹æ–¹ç¨‹å¼ã¯ï¼Œ\\
You may provide a definition with
\DeclareUnicodeCharacter 


! Package inputenc Error: Unicode character ãƒ¼ (U+30FC)
(inputenc)                not set up for use with LaTeX.

See the inputenc package documentation for explanation.
Type  H <return>  for immediate help.
 ...                                              
                                                  
l.47 ...ï¼Œé€£ç¶šã®å¼åŠã³ãƒŠãƒ“ã‚¨ãƒ»ã‚¹ãƒˆãƒ¼
                                                  ã‚¯ã‚¹æ–¹ç¨‹å¼ã¯ï¼Œ\\
You may provide a definition with
\DeclareUnicodeCharacter 


! Package inputenc Error: Unicode character ã‚¯ (U+30AF)
(inputenc)                not set up for use with LaTeX.

See the inputenc package documentation for explanation.
Type  H <return>  for immediate help.
 ...                                              
                                                  
l.47 ...é€£ç¶šã®å¼åŠã³ãƒŠãƒ“ã‚¨ãƒ»ã‚¹ãƒˆãƒ¼ã‚¯
                                                  ã‚¹æ–¹ç¨‹å¼ã¯ï¼Œ\\
You may provide a definition with
\DeclareUnicodeCharacter 


! Package inputenc Error: Unicode character ã‚¹ (U+30B9)
(inputenc)                not set up for use with LaTeX.

See the inputenc package documentation for explanation.
Type  H <return>  for immediate help.
 ...                                              
                                                  
l.47 ...ç¶šã®å¼åŠã³ãƒŠãƒ“ã‚¨ãƒ»ã‚¹ãƒˆãƒ¼ã‚¯ã‚¹
                                                  æ–¹ç¨‹å¼ã¯ï¼Œ\\
You may provide a definition with
\DeclareUnicodeCharacter 


! Package inputenc Error: Unicode character æ–¹ (U+65B9)
(inputenc)                not set up for use with LaTeX.

See the inputenc package documentation for explanation.
Type  H <return>  for immediate help.
 ...                                              
                                                  
l.47 ...ã®å¼åŠã³ãƒŠãƒ“ã‚¨ãƒ»ã‚¹ãƒˆãƒ¼ã‚¯ã‚¹æ–¹
                                                  ç¨‹å¼ã¯ï¼Œ\\
You may provide a definition with
\DeclareUnicodeCharacter 


! Package inputenc Error: Unicode character ç¨‹ (U+7A0B)
(inputenc)                not set up for use with LaTeX.

See the inputenc package documentation for explanation.
Type  H <return>  for immediate help.
 ...                                              
                                                  
l.47 ...å¼åŠã³ãƒŠãƒ“ã‚¨ãƒ»ã‚¹ãƒˆãƒ¼ã‚¯ã‚¹æ–¹ç¨‹
                                                  å¼ã¯ï¼Œ\\
You may provide a definition with
\DeclareUnicodeCharacter 


! Package inputenc Error: Unicode character å¼ (U+5F0F)
(inputenc)                not set up for use with LaTeX.

See the inputenc package documentation for explanation.
Type  H <return>  for immediate help.
 ...                                              
                                                  
l.47 ...åŠã³ãƒŠãƒ“ã‚¨ãƒ»ã‚¹ãƒˆãƒ¼ã‚¯ã‚¹æ–¹ç¨‹å¼
                                                  ã¯ï¼Œ\\
You may provide a definition with
\DeclareUnicodeCharacter 


! Package inputenc Error: Unicode character ã¯ (U+306F)
(inputenc)                not set up for use with LaTeX.

See the inputenc package documentation for explanation.
Type  H <return>  for immediate help.
 ...                                              
                                                  
l.47 ...ã³ãƒŠãƒ“ã‚¨ãƒ»ã‚¹ãƒˆãƒ¼ã‚¯ã‚¹æ–¹ç¨‹å¼ã¯
                                                  ï¼Œ\\
You may provide a definition with
\DeclareUnicodeCharacter 


! Package inputenc Error: Unicode character ï¼Œ (U+FF0C)
(inputenc)                not set up for use with LaTeX.

See the inputenc package documentation for explanation.
Type  H <return>  for immediate help.
 ...                                              
                                                  
l.47 ...ãƒŠãƒ“ã‚¨ãƒ»ã‚¹ãƒˆãƒ¼ã‚¯ã‚¹æ–¹ç¨‹å¼ã¯ï¼Œ
                                                  \\
You may provide a definition with
\DeclareUnicodeCharacter 


! Package inputenc Error: Unicode character ä»¥ (U+4EE5)
(inputenc)                not set up for use with LaTeX.

See the inputenc package documentation for explanation.
Type  H <return>  for immediate help.
 ...                                              
                                                  
l.48 ä»¥
        ä¸‹ã®å¼(1),(2),(3)ã®ã‚ˆã†ã«è¡¨ã›ã‚‹ï¼
You may provide a definition with
\DeclareUnicodeCharacter 


! Package inputenc Error: Unicode character ä¸‹ (U+4E0B)
(inputenc)                not set up for use with LaTeX.

See the inputenc package documentation for explanation.
Type  H <return>  for immediate help.
 ...                                              
                                                  
l.48 ä»¥ä¸‹
           ã®å¼(1),(2),(3)ã®ã‚ˆã†ã«è¡¨ã›ã‚‹ï¼
You may provide a definition with
\DeclareUnicodeCharacter 


! Package inputenc Error: Unicode character ã® (U+306E)
(inputenc)                not set up for use with LaTeX.

See the inputenc package documentation for explanation.
Type  H <return>  for immediate help.
 ...                                              
                                                  
l.48 ä»¥ä¸‹ã®
              å¼(1),(2),(3)ã®ã‚ˆã†ã«è¡¨ã›ã‚‹ï¼
You may provide a definition with
\DeclareUnicodeCharacter 


! Package inputenc Error: Unicode character å¼ (U+5F0F)
(inputenc)                not set up for use with LaTeX.

See the inputenc package documentation for explanation.
Type  H <return>  for immediate help.
 ...                                              
                                                  
l.48 ä»¥ä¸‹ã®å¼
                 (1),(2),(3)ã®ã‚ˆã†ã«è¡¨ã›ã‚‹ï¼
You may provide a definition with
\DeclareUnicodeCharacter 


! Package inputenc Error: Unicode character ã® (U+306E)
(inputenc)                not set up for use with LaTeX.

See the inputenc package documentation for explanation.
Type  H <return>  for immediate help.
 ...                                              
                                                  
l.48 ä»¥ä¸‹ã®å¼(1),(2),(3)ã®
                               ã‚ˆã†ã«è¡¨ã›ã‚‹ï¼
You may provide a definition with
\DeclareUnicodeCharacter 


! Package inputenc Error: Unicode character ã‚ˆ (U+3088)
(inputenc)                not set up for use with LaTeX.

See the inputenc package documentation for explanation.
Type  H <return>  for immediate help.
 ...                                              
                                                  
l.48 ä»¥ä¸‹ã®å¼(1),(2),(3)ã®ã‚ˆ
                                  ã†ã«è¡¨ã›ã‚‹ï¼
You may provide a definition with
\DeclareUnicodeCharacter 


! Package inputenc Error: Unicode character ã† (U+3046)
(inputenc)                not set up for use with LaTeX.

See the inputenc package documentation for explanation.
Type  H <return>  for immediate help.
 ...                                              
                                                  
l.48 ä»¥ä¸‹ã®å¼(1),(2),(3)ã®ã‚ˆã†
                                     ã«è¡¨ã›ã‚‹ï¼
You may provide a definition with
\DeclareUnicodeCharacter 


! Package inputenc Error: Unicode character ã« (U+306B)
(inputenc)                not set up for use with LaTeX.

See the inputenc package documentation for explanation.
Type  H <return>  for immediate help.
 ...                                              
                                                  
l.48 ä»¥ä¸‹ã®å¼(1),(2),(3)ã®ã‚ˆã†ã«
                                        è¡¨ã›ã‚‹ï¼
You may provide a definition with
\DeclareUnicodeCharacter 


! Package inputenc Error: Unicode character è¡¨ (U+8868)
(inputenc)                not set up for use with LaTeX.

See the inputenc package documentation for explanation.
Type  H <return>  for immediate help.
 ...                                              
                                                  
l.48 ä»¥ä¸‹ã®å¼(1),(2),(3)ã®ã‚ˆã†ã«è¡¨
                                           ã›ã‚‹ï¼
You may provide a definition with
\DeclareUnicodeCharacter 


! Package inputenc Error: Unicode character ã› (U+305B)
(inputenc)                not set up for use with LaTeX.

See the inputenc package documentation for explanation.
Type  H <return>  for immediate help.
 ...                                              
                                                  
l.48 ä»¥ä¸‹ã®å¼(1),(2),(3)ã®ã‚ˆã†ã«è¡¨ã›
                                              ã‚‹ï¼
You may provide a definition with
\DeclareUnicodeCharacter 


! Package inputenc Error: Unicode character ã‚‹ (U+308B)
(inputenc)                not set up for use with LaTeX.

See the inputenc package documentation for explanation.
Type  H <return>  for immediate help.
 ...                                              
                                                  
l.48 ä»¥ä¸‹ã®å¼(1),(2),(3)ã®ã‚ˆã†ã«è¡¨ã›ã‚‹
                                                 ï¼
You may provide a definition with
\DeclareUnicodeCharacter 


! Package inputenc Error: Unicode character ï¼ (U+FF0E)
(inputenc)                not set up for use with LaTeX.

See the inputenc package documentation for explanation.
Type  H <return>  for immediate help.
 ...                                              
                                                  
l.48 ...‹ã®å¼(1),(2),(3)ã®ã‚ˆã†ã«è¡¨ã›ã‚‹ï¼
                                                  
You may provide a definition with
\DeclareUnicodeCharacter 


! Package inputenc Error: Unicode character æ–¹ (U+65B9)
(inputenc)                not set up for use with LaTeX.

See the inputenc package documentation for explanation.
Type  H <return>  for immediate help.
 ...                                              
                                                  
l.53 ($x$æ–¹
            å‘)
You may provide a definition with
\DeclareUnicodeCharacter 


! Package inputenc Error: Unicode character å‘ (U+5411)
(inputenc)                not set up for use with LaTeX.

See the inputenc package documentation for explanation.
Type  H <return>  for immediate help.
 ...                                              
                                                  
l.53 ($x$æ–¹å‘
               )
You may provide a definition with
\DeclareUnicodeCharacter 


! Package inputenc Error: Unicode character æ–¹ (U+65B9)
(inputenc)                not set up for use with LaTeX.

See the inputenc package documentation for explanation.
Type  H <return>  for immediate help.
 ...                                              
                                                  
l.61 ($y$æ–¹
            å‘)
You may provide a definition with
\DeclareUnicodeCharacter 


! Package inputenc Error: Unicode character å‘ (U+5411)
(inputenc)                not set up for use with LaTeX.

See the inputenc package documentation for explanation.
Type  H <return>  for immediate help.
 ...                                              
                                                  
l.61 ($y$æ–¹å‘
               )
You may provide a definition with
\DeclareUnicodeCharacter 


! Package inputenc Error: Unicode character ã¾ (U+307E)
(inputenc)                not set up for use with LaTeX.

See the inputenc package documentation for explanation.
Type  H <return>  for immediate help.
 ...                                              
                                                  
l.69 ã¾
        ãŸï¼Œéåœ§ç¸®æ€§ç²˜æ€§æµä½“ã«ãŠã‘ã‚‹åˆæœŸæ¡ä»¶ã¯ä»¥ä¸‹ã®å¼...
You may provide a definition with
\DeclareUnicodeCharacter 


! Package inputenc Error: Unicode character ãŸ (U+305F)
(inputenc)                not set up for use with LaTeX.

See the inputenc package documentation for explanation.
Type  H <return>  for immediate help.
 ...                                              
                                                  
l.69 ã¾ãŸ
           ï¼Œéåœ§ç¸®æ€§ç²˜æ€§æµä½“ã«ãŠã‘ã‚‹åˆæœŸæ¡ä»¶ã¯ä»¥ä¸‹ã®å¼...
You may provide a definition with
\DeclareUnicodeCharacter 


! Package inputenc Error: Unicode character ï¼Œ (U+FF0C)
(inputenc)                not set up for use with LaTeX.

See the inputenc package documentation for explanation.
Type  H <return>  for immediate help.
 ...                                              
                                                  
l.69 ã¾ãŸï¼Œ
              éåœ§ç¸®æ€§ç²˜æ€§æµä½“ã«ãŠã‘ã‚‹åˆæœŸæ¡ä»¶ã¯ä»¥ä¸‹ã®å¼...
You may provide a definition with
\DeclareUnicodeCharacter 


! Package inputenc Error: Unicode character é (U+975E)
(inputenc)                not set up for use with LaTeX.

See the inputenc package documentation for explanation.
Type  H <return>  for immediate help.
 ...                                              
                                                  
l.69 ã¾ãŸï¼Œé
                 åœ§ç¸®æ€§ç²˜æ€§æµä½“ã«ãŠã‘ã‚‹åˆæœŸæ¡ä»¶ã¯ä»¥ä¸‹ã®å¼...
You may provide a definition with
\DeclareUnicodeCharacter 


! Package inputenc Error: Unicode character åœ§ (U+5727)
(inputenc)                not set up for use with LaTeX.

See the inputenc package documentation for explanation.
Type  H <return>  for immediate help.
 ...                                              
                                                  
l.69 ã¾ãŸï¼Œéåœ§
                    ç¸®æ€§ç²˜æ€§æµä½“ã«ãŠã‘ã‚‹åˆæœŸæ¡ä»¶ã¯ä»¥ä¸‹ã®å¼...
You may provide a definition with
\DeclareUnicodeCharacter 


! Package inputenc Error: Unicode character ç¸® (U+7E2E)
(inputenc)                not set up for use with LaTeX.

See the inputenc package documentation for explanation.
Type  H <return>  for immediate help.
 ...                                              
                                                  
l.69 ã¾ãŸï¼Œéåœ§ç¸®
                       æ€§ç²˜æ€§æµä½“ã«ãŠã‘ã‚‹åˆæœŸæ¡ä»¶ã¯ä»¥ä¸‹ã®å¼...
You may provide a definition with
\DeclareUnicodeCharacter 


! Package inputenc Error: Unicode character æ€§ (U+6027)
(inputenc)                not set up for use with LaTeX.

See the inputenc package documentation for explanation.
Type  H <return>  for immediate help.
 ...                                              
                                                  
l.69 ã¾ãŸï¼Œéåœ§ç¸®æ€§
                          ç²˜æ€§æµä½“ã«ãŠã‘ã‚‹åˆæœŸæ¡ä»¶ã¯ä»¥ä¸‹ã®å¼...
You may provide a definition with
\DeclareUnicodeCharacter 


! Package inputenc Error: Unicode character ç²˜ (U+7C98)
(inputenc)                not set up for use with LaTeX.

See the inputenc package documentation for explanation.
Type  H <return>  for immediate help.
 ...                                              
                                                  
l.69 ã¾ãŸï¼Œéåœ§ç¸®æ€§ç²˜
                             æ€§æµä½“ã«ãŠã‘ã‚‹åˆæœŸæ¡ä»¶ã¯ä»¥ä¸‹ã®å¼...
You may provide a definition with
\DeclareUnicodeCharacter 


! Package inputenc Error: Unicode character æ€§ (U+6027)
(inputenc)                not set up for use with LaTeX.

See the inputenc package documentation for explanation.
Type  H <return>  for immediate help.
 ...                                              
                                                  
l.69 ã¾ãŸï¼Œéåœ§ç¸®æ€§ç²˜æ€§
                                æµä½“ã«ãŠã‘ã‚‹åˆæœŸæ¡ä»¶ã¯ä»¥ä¸‹ã®å¼...
You may provide a definition with
\DeclareUnicodeCharacter 


! Package inputenc Error: Unicode character æµ (U+6D41)
(inputenc)                not set up for use with LaTeX.

See the inputenc package documentation for explanation.
Type  H <return>  for immediate help.
 ...                                              
                                                  
l.69 ã¾ãŸï¼Œéåœ§ç¸®æ€§ç²˜æ€§æµ
                                   ä½“ã«ãŠã‘ã‚‹åˆæœŸæ¡ä»¶ã¯ä»¥ä¸‹ã®å¼...
You may provide a definition with
\DeclareUnicodeCharacter 


! Package inputenc Error: Unicode character ä½“ (U+4F53)
(inputenc)                not set up for use with LaTeX.

See the inputenc package documentation for explanation.
Type  H <return>  for immediate help.
 ...                                              
                                                  
l.69 ã¾ãŸï¼Œéåœ§ç¸®æ€§ç²˜æ€§æµä½“
                                      ã«ãŠã‘ã‚‹åˆæœŸæ¡ä»¶ã¯ä»¥ä¸‹ã®å¼...
You may provide a definition with
\DeclareUnicodeCharacter 


! Package inputenc Error: Unicode character ã« (U+306B)
(inputenc)                not set up for use with LaTeX.

See the inputenc package documentation for explanation.
Type  H <return>  for immediate help.
 ...                                              
                                                  
l.69 ã¾ãŸï¼Œéåœ§ç¸®æ€§ç²˜æ€§æµä½“ã«
                                         ãŠã‘ã‚‹åˆæœŸæ¡ä»¶ã¯ä»¥ä¸‹ã®å¼...
You may provide a definition with
\DeclareUnicodeCharacter 


! Package inputenc Error: Unicode character ãŠ (U+304A)
(inputenc)                not set up for use with LaTeX.

See the inputenc package documentation for explanation.
Type  H <return>  for immediate help.
 ...                                              
                                                  
l.69 ã¾ãŸï¼Œéåœ§ç¸®æ€§ç²˜æ€§æµä½“ã«ãŠ
                                            ã‘ã‚‹åˆæœŸæ¡ä»¶ã¯ä»¥ä¸‹ã®å¼...
You may provide a definition with
\DeclareUnicodeCharacter 


! Package inputenc Error: Unicode character ã‘ (U+3051)
(inputenc)                not set up for use with LaTeX.

See the inputenc package documentation for explanation.
Type  H <return>  for immediate help.
 ...                                              
                                                  
l.69 ã¾ãŸï¼Œéåœ§ç¸®æ€§ç²˜æ€§æµä½“ã«ãŠã‘
                                               ã‚‹åˆæœŸæ¡ä»¶ã¯ä»¥ä¸‹ã®å¼...
You may provide a definition with
\DeclareUnicodeCharacter 


! Package inputenc Error: Unicode character ã‚‹ (U+308B)
(inputenc)                not set up for use with LaTeX.

See the inputenc package documentation for explanation.
Type  H <return>  for immediate help.
 ...                                              
                                                  
l.69 ã¾ãŸï¼Œéåœ§ç¸®æ€§ç²˜æ€§æµä½“ã«ãŠã‘ã‚‹
                                                  åˆæœŸæ¡ä»¶ã¯ä»¥ä¸‹ã®å¼...
You may provide a definition with
\DeclareUnicodeCharacter 


! Package inputenc Error: Unicode character åˆ (U+521D)
(inputenc)                not set up for use with LaTeX.

See the inputenc package documentation for explanation.
Type  H <return>  for immediate help.
 ...                                              
                                                  
l.69 ...ï¼Œéåœ§ç¸®æ€§ç²˜æ€§æµä½“ã«ãŠã‘ã‚‹åˆ
                                                  æœŸæ¡ä»¶ã¯ä»¥ä¸‹ã®å¼(4...
You may provide a definition with
\DeclareUnicodeCharacter 


! Package inputenc Error: Unicode character æœŸ (U+671F)
(inputenc)                not set up for use with LaTeX.

See the inputenc package documentation for explanation.
Type  H <return>  for immediate help.
 ...                                              
                                                  
l.69 ...éåœ§ç¸®æ€§ç²˜æ€§æµä½“ã«ãŠã‘ã‚‹åˆæœŸ
                                                  æ¡ä»¶ã¯ä»¥ä¸‹ã®å¼(4),(...
You may provide a definition with
\DeclareUnicodeCharacter 


! Package inputenc Error: Unicode character æ¡ (U+6761)
(inputenc)                not set up for use with LaTeX.

See the inputenc package documentation for explanation.
Type  H <return>  for immediate help.
 ...                                              
                                                  
l.69 ...åœ§ç¸®æ€§ç²˜æ€§æµä½“ã«ãŠã‘ã‚‹åˆæœŸæ¡
                                                  ä»¶ã¯ä»¥ä¸‹ã®å¼(4),(5)ã...
You may provide a definition with
\DeclareUnicodeCharacter 


! Package inputenc Error: Unicode character ä»¶ (U+4EF6)
(inputenc)                not set up for use with LaTeX.

See the inputenc package documentation for explanation.
Type  H <return>  for immediate help.
 ...                                              
                                                  
l.69 ...ç¸®æ€§ç²˜æ€§æµä½“ã«ãŠã‘ã‚‹åˆæœŸæ¡ä»¶
                                                  ã¯ä»¥ä¸‹ã®å¼(4),(5)ã®ã...
You may provide a definition with
\DeclareUnicodeCharacter 


! Package inputenc Error: Unicode character ã¯ (U+306F)
(inputenc)                not set up for use with LaTeX.

See the inputenc package documentation for explanation.
Type  H <return>  for immediate help.
 ...                                              
                                                  
l.69 ...æ€§ç²˜æ€§æµä½“ã«ãŠã‘ã‚‹åˆæœŸæ¡ä»¶ã¯
                                                  ä»¥ä¸‹ã®å¼(4),(5)ã®ã‚ˆã...
You may provide a definition with
\DeclareUnicodeCharacter 


! Package inputenc Error: Unicode character ä»¥ (U+4EE5)
(inputenc)                not set up for use with LaTeX.

See the inputenc package documentation for explanation.
Type  H <return>  for immediate help.
 ...                                              
                                                  
l.69 ...ç²˜æ€§æµä½“ã«ãŠã‘ã‚‹åˆæœŸæ¡ä»¶ã¯ä»¥
                                                  ä¸‹ã®å¼(4),(5)ã®ã‚ˆã†ã...
You may provide a definition with
\DeclareUnicodeCharacter 


! Package inputenc Error: Unicode character ä¸‹ (U+4E0B)
(inputenc)                not set up for use with LaTeX.

See the inputenc package documentation for explanation.
Type  H <return>  for immediate help.
 ...                                              
                                                  
l.69 ...æ€§æµä½“ã«ãŠã‘ã‚‹åˆæœŸæ¡ä»¶ã¯ä»¥ä¸‹
                                                  ã®å¼(4),(5)ã®ã‚ˆã†ã«ä...
You may provide a definition with
\DeclareUnicodeCharacter 


! Package inputenc Error: Unicode character ã® (U+306E)
(inputenc)                not set up for use with LaTeX.

See the inputenc package documentation for explanation.
Type  H <return>  for immediate help.
 ...                                              
                                                  
l.69 ...æµä½“ã«ãŠã‘ã‚‹åˆæœŸæ¡ä»¶ã¯ä»¥ä¸‹ã®
                                                  å¼(4),(5)ã®ã‚ˆã†ã«ä¸ã...
You may provide a definition with
\DeclareUnicodeCharacter 


! Package inputenc Error: Unicode character å¼ (U+5F0F)
(inputenc)                not set up for use with LaTeX.

See the inputenc package documentation for explanation.
Type  H <return>  for immediate help.
 ...                                              
                                                  
l.69 ...ä½“ã«ãŠã‘ã‚‹åˆæœŸæ¡ä»¶ã¯ä»¥ä¸‹ã®å¼
                                                  (4),(5)ã®ã‚ˆã†ã«ä¸ãˆã...
You may provide a definition with
\DeclareUnicodeCharacter 


! Package inputenc Error: Unicode character ã® (U+306E)
(inputenc)                not set up for use with LaTeX.

See the inputenc package documentation for explanation.
Type  H <return>  for immediate help.
 ...                                              
                                                  
l.69 ...‘ã‚‹åˆæœŸæ¡ä»¶ã¯ä»¥ä¸‹ã®å¼(4),(5)ã®
                                                  ã‚ˆã†ã«ä¸ãˆã‚‰ã‚Œï¼Œ\\
You may provide a definition with
\DeclareUnicodeCharacter 


! Package inputenc Error: Unicode character ã‚ˆ (U+3088)
(inputenc)                not set up for use with LaTeX.

See the inputenc package documentation for explanation.
Type  H <return>  for immediate help.
 ...                                              
                                                  
l.69 ...‚‹åˆæœŸæ¡ä»¶ã¯ä»¥ä¸‹ã®å¼(4),(5)ã®ã‚ˆ
                                                  ã†ã«ä¸ãˆã‚‰ã‚Œï¼Œ\\
You may provide a definition with
\DeclareUnicodeCharacter 


! Package inputenc Error: Unicode character ã† (U+3046)
(inputenc)                not set up for use with LaTeX.

See the inputenc package documentation for explanation.
Type  H <return>  for immediate help.
 ...                                              
                                                  
l.69 ...ˆæœŸæ¡ä»¶ã¯ä»¥ä¸‹ã®å¼(4),(5)ã®ã‚ˆã†
                                                  ã«ä¸ãˆã‚‰ã‚Œï¼Œ\\
You may provide a definition with
\DeclareUnicodeCharacter 


! Package inputenc Error: Unicode character ã« (U+306B)
(inputenc)                not set up for use with LaTeX.

See the inputenc package documentation for explanation.
Type  H <return>  for immediate help.
 ...                                              
                                                  
l.69 ...œŸæ¡ä»¶ã¯ä»¥ä¸‹ã®å¼(4),(5)ã®ã‚ˆã†ã«
                                                  ä¸ãˆã‚‰ã‚Œï¼Œ\\
You may provide a definition with
\DeclareUnicodeCharacter 


! Package inputenc Error: Unicode character ä¸ (U+4E0E)
(inputenc)                not set up for use with LaTeX.

See the inputenc package documentation for explanation.
Type  H <return>  for immediate help.
 ...                                              
                                                  
l.69 ...¡ä»¶ã¯ä»¥ä¸‹ã®å¼(4),(5)ã®ã‚ˆã†ã«ä¸
                                                  ãˆã‚‰ã‚Œï¼Œ\\
You may provide a definition with
\DeclareUnicodeCharacter 


! Package inputenc Error: Unicode character ãˆ (U+3048)
(inputenc)                not set up for use with LaTeX.

See the inputenc package documentation for explanation.
Type  H <return>  for immediate help.
 ...                                              
                                                  
l.69 ...»¶ã¯ä»¥ä¸‹ã®å¼(4),(5)ã®ã‚ˆã†ã«ä¸ãˆ
                                                  ã‚‰ã‚Œï¼Œ\\
You may provide a definition with
\DeclareUnicodeCharacter 


! Package inputenc Error: Unicode character ã‚‰ (U+3089)
(inputenc)                not set up for use with LaTeX.

See the inputenc package documentation for explanation.
Type  H <return>  for immediate help.
 ...                                              
                                                  
l.69 ...¯ä»¥ä¸‹ã®å¼(4),(5)ã®ã‚ˆã†ã«ä¸ãˆã‚‰
                                                  ã‚Œï¼Œ\\
You may provide a definition with
\DeclareUnicodeCharacter 


! Package inputenc Error: Unicode character ã‚Œ (U+308C)
(inputenc)                not set up for use with LaTeX.

See the inputenc package documentation for explanation.
Type  H <return>  for immediate help.
 ...                                              
                                                  
l.69 ...»¥ä¸‹ã®å¼(4),(5)ã®ã‚ˆã†ã«ä¸ãˆã‚‰ã‚Œ
                                                  ï¼Œ\\
You may provide a definition with
\DeclareUnicodeCharacter 


! Package inputenc Error: Unicode character ï¼Œ (U+FF0C)
(inputenc)                not set up for use with LaTeX.

See the inputenc package documentation for explanation.
Type  H <return>  for immediate help.
 ...                                              
                                                  
l.69 ...¸‹ã®å¼(4),(5)ã®ã‚ˆã†ã«ä¸ãˆã‚‰ã‚Œï¼Œ
                                                  \\
You may provide a definition with
\DeclareUnicodeCharacter 


! Package inputenc Error: Unicode character ã“ (U+3053)
(inputenc)                not set up for use with LaTeX.

See the inputenc package documentation for explanation.
Type  H <return>  for immediate help.
 ...                                              
                                                  
l.70 ã“
        ã®ã¨ãï¼Œå¼(6)ãŒæˆç«‹ã™ã‚‹ã“ã¨ãŒçŸ¥ã‚‰ã‚Œã¦ã„ã‚‹ï¼
You may provide a definition with
\DeclareUnicodeCharacter 


! Package inputenc Error: Unicode character ã® (U+306E)
(inputenc)                not set up for use with LaTeX.

See the inputenc package documentation for explanation.
Type  H <return>  for immediate help.
 ...                                              
                                                  
l.70 ã“ã®
           ã¨ãï¼Œå¼(6)ãŒæˆç«‹ã™ã‚‹ã“ã¨ãŒçŸ¥ã‚‰ã‚Œã¦ã„ã‚‹ï¼
You may provide a definition with
\DeclareUnicodeCharacter 


! Package inputenc Error: Unicode character ã¨ (U+3068)
(inputenc)                not set up for use with LaTeX.

See the inputenc package documentation for explanation.
Type  H <return>  for immediate help.
 ...                                              
                                                  
l.70 ã“ã®ã¨
              ãï¼Œå¼(6)ãŒæˆç«‹ã™ã‚‹ã“ã¨ãŒçŸ¥ã‚‰ã‚Œã¦ã„ã‚‹ï¼
You may provide a definition with
\DeclareUnicodeCharacter 


! Package inputenc Error: Unicode character ã (U+304D)
(inputenc)                not set up for use with LaTeX.

See the inputenc package documentation for explanation.
Type  H <return>  for immediate help.
 ...                                              
                                                  
l.70 ã“ã®ã¨ã
                 ï¼Œå¼(6)ãŒæˆç«‹ã™ã‚‹ã“ã¨ãŒçŸ¥ã‚‰ã‚Œã¦ã„ã‚‹ï¼
You may provide a definition with
\DeclareUnicodeCharacter 


! Package inputenc Error: Unicode character ï¼Œ (U+FF0C)
(inputenc)                not set up for use with LaTeX.

See the inputenc package documentation for explanation.
Type  H <return>  for immediate help.
 ...                                              
                                                  
l.70 ã“ã®ã¨ãï¼Œ
                    å¼(6)ãŒæˆç«‹ã™ã‚‹ã“ã¨ãŒçŸ¥ã‚‰ã‚Œã¦ã„ã‚‹ï¼
You may provide a definition with
\DeclareUnicodeCharacter 


! Package inputenc Error: Unicode character å¼ (U+5F0F)
(inputenc)                not set up for use with LaTeX.

See the inputenc package documentation for explanation.
Type  H <return>  for immediate help.
 ...                                              
                                                  
l.70 ã“ã®ã¨ãï¼Œå¼
                       (6)ãŒæˆç«‹ã™ã‚‹ã“ã¨ãŒçŸ¥ã‚‰ã‚Œã¦ã„ã‚‹ï¼
You may provide a definition with
\DeclareUnicodeCharacter 


! Package inputenc Error: Unicode character ãŒ (U+304C)
(inputenc)                not set up for use with LaTeX.

See the inputenc package documentation for explanation.
Type  H <return>  for immediate help.
 ...                                              
                                                  
l.70 ã“ã®ã¨ãï¼Œå¼(6)ãŒ
                             æˆç«‹ã™ã‚‹ã“ã¨ãŒçŸ¥ã‚‰ã‚Œã¦ã„ã‚‹ï¼
You may provide a definition with
\DeclareUnicodeCharacter 


! Package inputenc Error: Unicode character æˆ (U+6210)
(inputenc)                not set up for use with LaTeX.

See the inputenc package documentation for explanation.
Type  H <return>  for immediate help.
 ...                                              
                                                  
l.70 ã“ã®ã¨ãï¼Œå¼(6)ãŒæˆ
                                ç«‹ã™ã‚‹ã“ã¨ãŒçŸ¥ã‚‰ã‚Œã¦ã„ã‚‹ï¼
You may provide a definition with
\DeclareUnicodeCharacter 


! Package inputenc Error: Unicode character ç«‹ (U+7ACB)
(inputenc)                not set up for use with LaTeX.

See the inputenc package documentation for explanation.
Type  H <return>  for immediate help.
 ...                                              
                                                  
l.70 ã“ã®ã¨ãï¼Œå¼(6)ãŒæˆç«‹
                                   ã™ã‚‹ã“ã¨ãŒçŸ¥ã‚‰ã‚Œã¦ã„ã‚‹ï¼
You may provide a definition with
\DeclareUnicodeCharacter 


! Package inputenc Error: Unicode character ã™ (U+3059)
(inputenc)                not set up for use with LaTeX.

See the inputenc package documentation for explanation.
Type  H <return>  for immediate help.
 ...                                              
                                                  
l.70 ã“ã®ã¨ãï¼Œå¼(6)ãŒæˆç«‹ã™
                                      ã‚‹ã“ã¨ãŒçŸ¥ã‚‰ã‚Œã¦ã„ã‚‹ï¼
You may provide a definition with
\DeclareUnicodeCharacter 


! Package inputenc Error: Unicode character ã‚‹ (U+308B)
(inputenc)                not set up for use with LaTeX.

See the inputenc package documentation for explanation.
Type  H <return>  for immediate help.
 ...                                              
                                                  
l.70 ã“ã®ã¨ãï¼Œå¼(6)ãŒæˆç«‹ã™ã‚‹
                                         ã“ã¨ãŒçŸ¥ã‚‰ã‚Œã¦ã„ã‚‹ï¼
You may provide a definition with
\DeclareUnicodeCharacter 


! Package inputenc Error: Unicode character ã“ (U+3053)
(inputenc)                not set up for use with LaTeX.

See the inputenc package documentation for explanation.
Type  H <return>  for immediate help.
 ...                                              
                                                  
l.70 ã“ã®ã¨ãï¼Œå¼(6)ãŒæˆç«‹ã™ã‚‹ã“
                                            ã¨ãŒçŸ¥ã‚‰ã‚Œã¦ã„ã‚‹ï¼
You may provide a definition with
\DeclareUnicodeCharacter 


! Package inputenc Error: Unicode character ã¨ (U+3068)
(inputenc)                not set up for use with LaTeX.

See the inputenc package documentation for explanation.
Type  H <return>  for immediate help.
 ...                                              
                                                  
l.70 ã“ã®ã¨ãï¼Œå¼(6)ãŒæˆç«‹ã™ã‚‹ã“ã¨
                                               ãŒçŸ¥ã‚‰ã‚Œã¦ã„ã‚‹ï¼
You may provide a definition with
\DeclareUnicodeCharacter 


! Package inputenc Error: Unicode character ãŒ (U+304C)
(inputenc)                not set up for use with LaTeX.

See the inputenc package documentation for explanation.
Type  H <return>  for immediate help.
 ...                                              
                                                  
l.70 ã“ã®ã¨ãï¼Œå¼(6)ãŒæˆç«‹ã™ã‚‹ã“ã¨ãŒ
                                                  çŸ¥ã‚‰ã‚Œã¦ã„ã‚‹ï¼
You may provide a definition with
\DeclareUnicodeCharacter 


! Package inputenc Error: Unicode character çŸ¥ (U+77E5)
(inputenc)                not set up for use with LaTeX.

See the inputenc package documentation for explanation.
Type  H <return>  for immediate help.
 ...                                              
                                                  
l.70 ...ã¨ãï¼Œå¼(6)ãŒæˆç«‹ã™ã‚‹ã“ã¨ãŒçŸ¥
                                                  ã‚‰ã‚Œã¦ã„ã‚‹ï¼
You may provide a definition with
\DeclareUnicodeCharacter 


! Package inputenc Error: Unicode character ã‚‰ (U+3089)
(inputenc)                not set up for use with LaTeX.

See the inputenc package documentation for explanation.
Type  H <return>  for immediate help.
 ...                                              
                                                  
l.70 ...ãï¼Œå¼(6)ãŒæˆç«‹ã™ã‚‹ã“ã¨ãŒçŸ¥ã‚‰
                                                  ã‚Œã¦ã„ã‚‹ï¼
You may provide a definition with
\DeclareUnicodeCharacter 


! Package inputenc Error: Unicode character ã‚Œ (U+308C)
(inputenc)                not set up for use with LaTeX.

See the inputenc package documentation for explanation.
Type  H <return>  for immediate help.
 ...                                              
                                                  
l.70 ...ï¼Œå¼(6)ãŒæˆç«‹ã™ã‚‹ã“ã¨ãŒçŸ¥ã‚‰ã‚Œ
                                                  ã¦ã„ã‚‹ï¼
You may provide a definition with
\DeclareUnicodeCharacter 


! Package inputenc Error: Unicode character ã¦ (U+3066)
(inputenc)                not set up for use with LaTeX.

See the inputenc package documentation for explanation.
Type  H <return>  for immediate help.
 ...                                              
                                                  
l.70 ...å¼(6)ãŒæˆç«‹ã™ã‚‹ã“ã¨ãŒçŸ¥ã‚‰ã‚Œã¦
                                                  ã„ã‚‹ï¼
You may provide a definition with
\DeclareUnicodeCharacter 


! Package inputenc Error: Unicode character ã„ (U+3044)
(inputenc)                not set up for use with LaTeX.

See the inputenc package documentation for explanation.
Type  H <return>  for immediate help.
 ...                                              
                                                  
l.70 ...(6)ãŒæˆç«‹ã™ã‚‹ã“ã¨ãŒçŸ¥ã‚‰ã‚Œã¦ã„
                                                  ã‚‹ï¼
You may provide a definition with
\DeclareUnicodeCharacter 


! Package inputenc Error: Unicode character ã‚‹ (U+308B)
(inputenc)                not set up for use with LaTeX.

See the inputenc package documentation for explanation.
Type  H <return>  for immediate help.
 ...                                              
                                                  
l.70 ...ãŒæˆç«‹ã™ã‚‹ã“ã¨ãŒçŸ¥ã‚‰ã‚Œã¦ã„ã‚‹
                                                  ï¼
You may provide a definition with
\DeclareUnicodeCharacter 


! Package inputenc Error: Unicode character ï¼ (U+FF0E)
(inputenc)                not set up for use with LaTeX.

See the inputenc package documentation for explanation.
Type  H <return>  for immediate help.
 ...                                              
                                                  
l.70 ...æˆç«‹ã™ã‚‹ã“ã¨ãŒçŸ¥ã‚‰ã‚Œã¦ã„ã‚‹ï¼
                                                  
You may provide a definition with
\DeclareUnicodeCharacter 


! Package inputenc Error: Unicode character ä»¥ (U+4EE5)
(inputenc)                not set up for use with LaTeX.

See the inputenc package documentation for explanation.
Type  H <return>  for immediate help.
 ...                                              
                                                  
l.83 ä»¥
        ä¸Šã®å¼(7)ã‚’å¼(2),(3)ã«ç”¨ã„ã¦,\\
You may provide a definition with
\DeclareUnicodeCharacter 


! Package inputenc Error: Unicode character ä¸Š (U+4E0A)
(inputenc)                not set up for use with LaTeX.

See the inputenc package documentation for explanation.
Type  H <return>  for immediate help.
 ...                                              
                                                  
l.83 ä»¥ä¸Š
           ã®å¼(7)ã‚’å¼(2),(3)ã«ç”¨ã„ã¦,\\
You may provide a definition with
\DeclareUnicodeCharacter 


! Package inputenc Error: Unicode character ã® (U+306E)
(inputenc)                not set up for use with LaTeX.

See the inputenc package documentation for explanation.
Type  H <return>  for immediate help.
 ...                                              
                                                  
l.83 ä»¥ä¸Šã®
              å¼(7)ã‚’å¼(2),(3)ã«ç”¨ã„ã¦,\\
You may provide a definition with
\DeclareUnicodeCharacter 


! Package inputenc Error: Unicode character å¼ (U+5F0F)
(inputenc)                not set up for use with LaTeX.

See the inputenc package documentation for explanation.
Type  H <return>  for immediate help.
 ...                                              
                                                  
l.83 ä»¥ä¸Šã®å¼
                 (7)ã‚’å¼(2),(3)ã«ç”¨ã„ã¦,\\
You may provide a definition with
\DeclareUnicodeCharacter 


! Package inputenc Error: Unicode character ã‚’ (U+3092)
(inputenc)                not set up for use with LaTeX.

See the inputenc package documentation for explanation.
Type  H <return>  for immediate help.
 ...                                              
                                                  
l.83 ä»¥ä¸Šã®å¼(7)ã‚’
                       å¼(2),(3)ã«ç”¨ã„ã¦,\\
(That makes 100 errors; please try again.) 
Here is how much of TeX's memory you used:
 3686 strings out of 481240
 50180 string characters out of 5920403
 293333 words of memory out of 5000000
 18953 multiletter control sequences out of 15000+600000
 534964 words of font info for 35 fonts, out of 8000000 for 9000
 1141 hyphenation exceptions out of 8191
 30i,6n,36p,275b,217s stack positions out of 5000i,500n,10000p,200000b,80000s

No pages of output.
