\BOOKMARK [0][-]{part.1}{第I部 線形代数}{}% 1
\BOOKMARK [1][-]{section.1}{1 行列}{part.1}% 2
\BOOKMARK [2][-]{subsection.1.1}{1.1 行列演算の性質}{section.1}% 3
\BOOKMARK [1][-]{section.2}{2 一次独立・一次従属}{part.1}% 4
\BOOKMARK [1][-]{section.3}{3 連立一次方程式}{part.1}% 5
\BOOKMARK [2][-]{subsection.3.1}{3.1 単位行列}{section.3}% 6
\BOOKMARK [2][-]{subsection.3.2}{3.2 逆行列}{section.3}% 7
\BOOKMARK [2][-]{subsection.3.3}{3.3 逆行列の掃出法}{section.3}% 8
\BOOKMARK [2][-]{subsection.3.4}{3.4 基底}{section.3}% 9
\BOOKMARK [2][-]{subsection.3.5}{3.5 ランク \(階数\)}{section.3}% 10
\BOOKMARK [2][-]{subsection.3.6}{3.6 解空間の次元}{section.3}% 11
\BOOKMARK [2][-]{subsection.3.7}{3.7 基底・ランク・解空間の関係}{section.3}% 12
\BOOKMARK [2][-]{subsection.3.8}{3.8 クラメールの公式}{section.3}% 13
\BOOKMARK [2][-]{subsection.3.9}{3.9 \(例題\) クラメールの公式}{section.3}% 14
\BOOKMARK [1][-]{section.4}{4 行列式}{part.1}% 15
\BOOKMARK [2][-]{subsection.4.1}{4.1 行列式の性質}{section.4}% 16
\BOOKMARK [2][-]{subsection.4.2}{4.2 余因子行列}{section.4}% 17
\BOOKMARK [1][-]{section.5}{5 固有値と固有ベクトルの計算}{part.1}% 18
\BOOKMARK [2][-]{subsection.5.1}{5.1 固有値と固有ベクトル}{section.5}% 19
\BOOKMARK [2][-]{subsection.5.2}{5.2 固有ベクトルの正規化}{section.5}% 20
\BOOKMARK [2][-]{subsection.5.3}{5.3 固有ベクトルの直交性}{section.5}% 21
\BOOKMARK [2][-]{subsection.5.4}{5.4 行列の対角化}{section.5}% 22
\BOOKMARK [2][-]{subsection.5.5}{5.5 対角化可能性}{section.5}% 23
\BOOKMARK [2][-]{subsection.5.6}{5.6 対角化の手順}{section.5}% 24
\BOOKMARK [2][-]{subsection.5.7}{5.7 ジョルダン標準形}{section.5}% 25
\BOOKMARK [1][-]{section.6}{6 行列のn乗}{part.1}% 26
\BOOKMARK [2][-]{subsection.6.1}{6.1 対角行列のn乗}{section.6}% 27
\BOOKMARK [2][-]{subsection.6.2}{6.2 対角化可能な行列のn乗}{section.6}% 28
\BOOKMARK [0][-]{part.2}{第II部 微積分}{}% 29
\BOOKMARK [1][-]{section.7}{7 基本的な微分と積分}{part.2}% 30
\BOOKMARK [1][-]{section.8}{8 関数のべき級数展開}{part.2}% 31
\BOOKMARK [2][-]{subsection.8.1}{8.1 Taylor展開}{section.8}% 32
\BOOKMARK [2][-]{subsection.8.2}{8.2 Maclaurin展開}{section.8}% 33
\BOOKMARK [1][-]{section.9}{9 全微分と偏微分}{part.2}% 34
\BOOKMARK [2][-]{subsection.9.1}{9.1 微分とは}{section.9}% 35
\BOOKMARK [2][-]{subsection.9.2}{9.2 全微分}{section.9}% 36
\BOOKMARK [2][-]{subsection.9.3}{9.3 偏微分}{section.9}% 37
\BOOKMARK [2][-]{subsection.9.4}{9.4 合成関数の偏微分}{section.9}% 38
\BOOKMARK [1][-]{section.10}{10 1変数の積分}{part.2}% 39
\BOOKMARK [2][-]{subsection.10.1}{10.1 積分を解くにあたって}{section.10}% 40
\BOOKMARK [2][-]{subsection.10.2}{10.2 部分積分}{section.10}% 41
\BOOKMARK [2][-]{subsection.10.3}{10.3 三角関数の積分}{section.10}% 42
\BOOKMARK [2][-]{subsection.10.4}{10.4 広義積分}{section.10}% 43
\BOOKMARK [1][-]{section.11}{11 極限}{part.2}% 44
\BOOKMARK [2][-]{subsection.11.1}{11.1 ロピタルの定理}{section.11}% 45
\BOOKMARK [2][-]{subsection.11.2}{11.2 偶関数と奇関数}{section.11}% 46
\BOOKMARK [1][-]{section.12}{12 多変数関数}{part.2}% 47
\BOOKMARK [2][-]{subsection.12.1}{12.1 多変数関数の極値}{section.12}% 48
\BOOKMARK [2][-]{subsection.12.2}{12.2 接平面の方程式・法線の方程式}{section.12}% 49
\BOOKMARK [2][-]{subsection.12.3}{12.3 陰関数の定理}{section.12}% 50
\BOOKMARK [1][-]{section.13}{13 重積分}{part.2}% 51
\BOOKMARK [2][-]{subsection.13.1}{13.1 累次積分}{section.13}% 52
\BOOKMARK [2][-]{subsection.13.2}{13.2 積分区間の変換}{section.13}% 53
\BOOKMARK [2][-]{subsection.13.3}{13.3 変数変換公式}{section.13}% 54
\BOOKMARK [0][-]{part.3}{第III部 微分方程式}{}% 55
\BOOKMARK [1][-]{section.14}{14 微分方程式とは}{part.3}% 56
\BOOKMARK [2][-]{subsection.14.1}{14.1 微分方程式の解の一意性}{section.14}% 57
\BOOKMARK [1][-]{section.15}{15 1階常微分方程式}{part.3}% 58
\BOOKMARK [2][-]{subsection.15.1}{15.1 直接微分形}{section.15}% 59
\BOOKMARK [2][-]{subsection.15.2}{15.2 変数分離形}{section.15}% 60
\BOOKMARK [2][-]{subsection.15.3}{15.3 同次形}{section.15}% 61
\BOOKMARK [2][-]{subsection.15.4}{15.4 y'=f\(x+y+\)の形}{section.15}% 62
\BOOKMARK [1][-]{section.16}{16 線形微分方程式}{part.3}% 63
\BOOKMARK [1][-]{section.17}{17 1階線形微分方程式}{part.3}% 64
\BOOKMARK [2][-]{subsection.17.1}{17.1 特殊解y=\(x\)がわかっている場合}{section.17}% 65
\BOOKMARK [2][-]{subsection.17.2}{17.2 定数変化法}{section.17}% 66
\BOOKMARK [2][-]{subsection.17.3}{17.3 積分因子}{section.17}% 67
\BOOKMARK [1][-]{section.18}{18 ベルヌーイの微分方程式}{part.3}% 68
\BOOKMARK [1][-]{section.19}{19 完全微分方程式}{part.3}% 69
\BOOKMARK [2][-]{subsection.19.1}{19.1 具体的なF\(x,y\)の探し方}{section.19}% 70
\BOOKMARK [1][-]{section.20}{20 クレローの微分方程式}{part.3}% 71
\BOOKMARK [1][-]{section.21}{21 二階線形同次微分方程式}{part.3}% 72
\BOOKMARK [2][-]{subsection.21.1}{21.1 二階同次定係数微分方程式}{section.21}% 73
\BOOKMARK [1][-]{section.22}{22 二階線形非同次微分方程式}{part.3}% 74
\BOOKMARK [2][-]{subsection.22.1}{22.1 特殊解 \(x\)がわかっている場合}{section.22}% 75
\BOOKMARK [2][-]{subsection.22.2}{22.2 特殊解を予想する}{section.22}% 76
\BOOKMARK [2][-]{subsection.22.3}{22.3 定数変化法}{section.22}% 77
\BOOKMARK [1][-]{section.23}{23 オイラーの微分方程式}{part.3}% 78
\BOOKMARK [0][-]{part.4}{第IV部 材料力学}{}% 79
\BOOKMARK [1][-]{section.24}{24 引張・圧縮}{part.4}% 80
\BOOKMARK [2][-]{subsection.24.1}{24.1 微小区間のひずみ}{section.24}% 81
\BOOKMARK [2][-]{subsection.24.2}{24.2 ポアソン比}{section.24}% 82
\BOOKMARK [1][-]{section.25}{25 ねじり・せん断応力}{part.4}% 83
\BOOKMARK [2][-]{subsection.25.1}{25.1 微小区間のねじれ角}{section.25}% 84
\BOOKMARK [1][-]{section.26}{26 曲げ}{part.4}% 85
\BOOKMARK [1][-]{section.27}{27 平等強さ}{part.4}% 86
\BOOKMARK [1][-]{section.28}{28 断面二次モーメントと断面二次極モーメント}{part.4}% 87
\BOOKMARK [2][-]{subsection.28.1}{28.1 断面二次モーメント}{section.28}% 88
\BOOKMARK [2][-]{subsection.28.2}{28.2 断面二次モーメントの求め方}{section.28}% 89
\BOOKMARK [2][-]{subsection.28.3}{28.3 平行軸の定理}{section.28}% 90
\BOOKMARK [2][-]{subsection.28.4}{28.4 断面二次極モーメント}{section.28}% 91
\BOOKMARK [1][-]{section.29}{29 たわみの微分方程式}{part.4}% 92
\BOOKMARK [1][-]{section.30}{30 線膨張係数と熱応力}{part.4}% 93
\BOOKMARK [2][-]{subsection.30.1}{30.1 \(例題\) 熱応力問題を解く}{section.30}% 94
\BOOKMARK [1][-]{section.31}{31 SFDとBMD}{part.4}% 95
\BOOKMARK [2][-]{subsection.31.1}{31.1 せん断力線図\(SFD\)}{section.31}% 96
\BOOKMARK [2][-]{subsection.31.2}{31.2 曲げ応力線図\(BMD\)}{section.31}% 97
\BOOKMARK [2][-]{subsection.31.3}{31.3 \(例題\) BMDとSFDを書く}{section.31}% 98
\BOOKMARK [1][-]{section.32}{32 不静定問題}{part.4}% 99
\BOOKMARK [2][-]{subsection.32.1}{32.1 \(例題\) 不静定問題を解く}{section.32}% 100
\BOOKMARK [1][-]{section.33}{33 モールの応力円}{part.4}% 101
\BOOKMARK [1][-]{section.34}{34 材料の破断}{part.4}% 102
\BOOKMARK [2][-]{subsection.34.1}{34.1 最大主応力説}{section.34}% 103
\BOOKMARK [2][-]{subsection.34.2}{34.2 最大せん断応力説}{section.34}% 104
\BOOKMARK [2][-]{subsection.34.3}{34.3 せん断ひずみエネルギー説}{section.34}% 105
\BOOKMARK [1][-]{section.35}{35 薄肉円筒}{part.4}% 106
\BOOKMARK [2][-]{subsection.35.1}{35.1 それぞれの応力を求める}{section.35}% 107
\BOOKMARK [0][-]{part.5}{第V部 機械力学}{}% 108
\BOOKMARK [1][-]{section.36}{36 一自由度並進運動}{part.5}% 109
\BOOKMARK [1][-]{section.37}{37 剛体円盤のねじり振動系}{part.5}% 110
\BOOKMARK [1][-]{section.38}{38 \(例題\) 回転に関する運動方程式を求める}{part.5}% 111
\BOOKMARK [1][-]{section.39}{39 自由振動}{part.5}% 112
\BOOKMARK [1][-]{section.40}{40 特性方程式}{part.5}% 113
\BOOKMARK [2][-]{subsection.40.1}{40.1 過減衰}{section.40}% 114
\BOOKMARK [2][-]{subsection.40.2}{40.2 臨界減衰}{section.40}% 115
\BOOKMARK [2][-]{subsection.40.3}{40.3 不足減衰}{section.40}% 116
\BOOKMARK [2][-]{subsection.40.4}{40.4 単振動}{section.40}% 117
\BOOKMARK [1][-]{section.41}{41 強制振動}{part.5}% 118
\BOOKMARK [1][-]{section.42}{42 調和外力に対する定常応答}{part.5}% 119
\BOOKMARK [2][-]{subsection.42.1}{42.1 三角関数による方法}{section.42}% 120
\BOOKMARK [2][-]{subsection.42.2}{42.2 複素振幅表示による方法\(1\)}{section.42}% 121
\BOOKMARK [2][-]{subsection.42.3}{42.3 複素振幅表示による方法\(2\)}{section.42}% 122
\BOOKMARK [2][-]{subsection.42.4}{42.4 周波数応答関数Gf}{section.42}% 123
\BOOKMARK [1][-]{section.43}{43 共振曲線}{part.5}% 124
\BOOKMARK [1][-]{section.44}{44 その他}{part.5}% 125
\BOOKMARK [2][-]{subsection.44.1}{44.1 合成ばね定数を求める}{section.44}% 126
\BOOKMARK [0][-]{part.6}{第VI部 熱力学}{}% 127
\BOOKMARK [1][-]{section.45}{45 熱力学第一法則}{part.6}% 128
\BOOKMARK [2][-]{subsection.45.1}{45.1 閉じた系}{section.45}% 129
\BOOKMARK [2][-]{subsection.45.2}{45.2 内部エネルギ}{section.45}% 130
\BOOKMARK [2][-]{subsection.45.3}{45.3 開いた系}{section.45}% 131
\BOOKMARK [2][-]{subsection.45.4}{45.4 エンタルピ}{section.45}% 132
\BOOKMARK [1][-]{section.46}{46 理想気体}{part.6}% 133
\BOOKMARK [1][-]{section.47}{47 熱力学第二法則}{part.6}% 134
\BOOKMARK [2][-]{subsection.47.1}{47.1 仕事}{section.47}% 135
\BOOKMARK [2][-]{subsection.47.2}{47.2 熱効率}{section.47}% 136
\BOOKMARK [1][-]{section.48}{48 エントロピ}{part.6}% 137
\BOOKMARK [1][-]{section.49}{49 加熱・放熱}{part.6}% 138
\BOOKMARK [2][-]{subsection.49.1}{49.1 等容過程}{section.49}% 139
\BOOKMARK [2][-]{subsection.49.2}{49.2 等圧過程}{section.49}% 140
\BOOKMARK [1][-]{section.50}{50 膨張・圧縮}{part.6}% 141
\BOOKMARK [2][-]{subsection.50.1}{50.1 等温過程}{section.50}% 142
\BOOKMARK [2][-]{subsection.50.2}{50.2 断熱\(等エントロピー\)過程}{section.50}% 143
\BOOKMARK [2][-]{subsection.50.3}{50.3 ポアソンの式とその導出}{section.50}% 144
\BOOKMARK [1][-]{section.51}{51 サイクル}{part.6}% 145
\BOOKMARK [2][-]{subsection.51.1}{51.1 カルノーサイクル}{section.51}% 146
\BOOKMARK [2][-]{subsection.51.2}{51.2 オットーサイクル}{section.51}% 147
\BOOKMARK [2][-]{subsection.51.3}{51.3 ディーゼルサイクル}{section.51}% 148
\BOOKMARK [2][-]{subsection.51.4}{51.4 サバテサイクル}{section.51}% 149
\BOOKMARK [2][-]{subsection.51.5}{51.5 ブレイトンサイクル}{section.51}% 150
\BOOKMARK [1][-]{section.52}{52 再生ブレイトンサイクル}{part.6}% 151
\BOOKMARK [1][-]{section.53}{53 乾き度}{part.6}% 152
\BOOKMARK [2][-]{subsection.53.1}{53.1 湿り蒸気}{section.53}% 153
\BOOKMARK [0][-]{part.7}{第VII部 流体力学}{}% 154
\BOOKMARK [1][-]{section.54}{54 静止流体の力学}{part.7}% 155
\BOOKMARK [2][-]{subsection.54.1}{54.1 静水圧}{section.54}% 156
\BOOKMARK [2][-]{subsection.54.2}{54.2 \(例題\) 流入出口が受ける圧力}{section.54}% 157
\BOOKMARK [2][-]{subsection.54.3}{54.3 表面張力}{section.54}% 158
\BOOKMARK [1][-]{section.55}{55 粘性流体の力学}{part.7}% 159
\BOOKMARK [1][-]{section.56}{56 流体の質量保存則}{part.7}% 160
\BOOKMARK [1][-]{section.57}{57 流体のエネルギー保存則}{part.7}% 161
\BOOKMARK [2][-]{subsection.57.1}{57.1 トリチェリの定理}{section.57}% 162
\BOOKMARK [1][-]{section.58}{58 流体の運動量保存の法則}{part.7}% 163
\BOOKMARK [1][-]{section.59}{59 \(例題\) 運動量保存則}{part.7}% 164
\BOOKMARK [1][-]{section.60}{60 流体の運動方程式}{part.7}% 165
\BOOKMARK [2][-]{subsection.60.1}{60.1 流体の運動を表す2つの運動方程式}{section.60}% 166
\BOOKMARK [2][-]{subsection.60.2}{60.2 オイラーの運動方程式とナビエ・ストークス方程式の違い}{section.60}% 167
\BOOKMARK [2][-]{subsection.60.3}{60.3 運動量保存から圧力損失を導く}{section.60}% 168
\BOOKMARK [1][-]{section.61}{61 2次元の連続の式・オイラーの運動方程式の導出}{part.7}% 169
\BOOKMARK [2][-]{subsection.61.1}{61.1 2次元の連続の式の導出}{section.61}% 170
\BOOKMARK [2][-]{subsection.61.2}{61.2 2次元のオイラーの運動方程式の導出}{section.61}% 171
\BOOKMARK [2][-]{subsection.61.3}{61.3 クエット流}{section.61}% 172
\BOOKMARK [2][-]{subsection.61.4}{61.4 ハーゲン・ポアズイユ流}{section.61}% 173
\BOOKMARK [1][-]{section.62}{62 流体のせん断応力}{part.7}% 174
\BOOKMARK [2][-]{subsection.62.1}{62.1 \(例題\) 板が流体から受ける力}{section.62}% 175
\BOOKMARK [1][-]{section.63}{63 応力テンソル}{part.7}% 176
\BOOKMARK [1][-]{section.64}{64 レイノルズ数}{part.7}% 177
\BOOKMARK [1][-]{section.65}{65 境界層}{part.7}% 178
\BOOKMARK [1][-]{section.66}{66 流れ場の幾何学的表現}{part.7}% 179
\BOOKMARK [2][-]{subsection.66.1}{66.1 流線}{section.66}% 180
\BOOKMARK [2][-]{subsection.66.2}{66.2 流跡線}{section.66}% 181
\BOOKMARK [2][-]{subsection.66.3}{66.3 流脈}{section.66}% 182
\BOOKMARK [1][-]{section.67}{67 渦度}{part.7}% 183
\BOOKMARK [1][-]{section.68}{68 流れ関数}{part.7}% 184
\BOOKMARK [1][-]{section.69}{69 速度ポテンシャル}{part.7}% 185
\BOOKMARK [1][-]{section.70}{70 コーシー・リーマンの関係式}{part.7}% 186
\BOOKMARK [2][-]{subsection.70.1}{70.1 直交性の証明}{section.70}% 187
