\BOOKMARK [1][-]{section.1}{1 引張・圧縮}{}% 1
\BOOKMARK [2][-]{subsection.1.1}{1.1 微小区間のひずみ}{section.1}% 2
\BOOKMARK [2][-]{subsection.1.2}{1.2 ポアソン比}{section.1}% 3
\BOOKMARK [1][-]{section.2}{2 ねじり・せん断応力}{}% 4
\BOOKMARK [2][-]{subsection.2.1}{2.1 微小区間のねじれ角}{section.2}% 5
\BOOKMARK [1][-]{section.3}{3 曲げ}{}% 6
\BOOKMARK [1][-]{section.4}{4 平等強さ}{}% 7
\BOOKMARK [1][-]{section.5}{5 断面二次モーメントと断面二次極モーメント}{}% 8
\BOOKMARK [2][-]{subsection.5.1}{5.1 断面二次モーメント}{section.5}% 9
\BOOKMARK [2][-]{subsection.5.2}{5.2 断面二次モーメントの求め方}{section.5}% 10
\BOOKMARK [2][-]{subsection.5.3}{5.3 平行軸の定理}{section.5}% 11
\BOOKMARK [2][-]{subsection.5.4}{5.4 断面二次極モーメント}{section.5}% 12
\BOOKMARK [1][-]{section.6}{6 たわみの微分方程式}{}% 13
\BOOKMARK [1][-]{section.7}{7 線膨張係数と熱応力}{}% 14
\BOOKMARK [2][-]{subsection.7.1}{7.1 \(例題\) 熱応力問題を解く}{section.7}% 15
\BOOKMARK [1][-]{section.8}{8 SFDとBMD \(未完成\)}{}% 16
\BOOKMARK [2][-]{subsection.8.1}{8.1 せん断力線図\(SFD\)}{section.8}% 17
\BOOKMARK [2][-]{subsection.8.2}{8.2 曲げ応力線図\(BMD\)}{section.8}% 18
\BOOKMARK [2][-]{subsection.8.3}{8.3 \(例題\) BMDとSFDを書く}{section.8}% 19
\BOOKMARK [1][-]{section.9}{9 不静定問題}{}% 20
\BOOKMARK [2][-]{subsection.9.1}{9.1 \(例題\) 不静定問題を解く}{section.9}% 21
\BOOKMARK [1][-]{section.10}{10 モールの応力円 \(未完成\)}{}% 22
\BOOKMARK [1][-]{section.11}{11 材料の破断}{}% 23
\BOOKMARK [2][-]{subsection.11.1}{11.1 最大主応力説}{section.11}% 24
\BOOKMARK [2][-]{subsection.11.2}{11.2 最大せん断応力説}{section.11}% 25
\BOOKMARK [2][-]{subsection.11.3}{11.3 せん断ひずみエネルギー説}{section.11}% 26
\BOOKMARK [1][-]{section.12}{12 薄肉円筒}{}% 27
\BOOKMARK [2][-]{subsection.12.1}{12.1 それぞれの応力を求める}{section.12}% 28
