\BOOKMARK [1][-]{section.1}{1 基本知識}{}% 1
\BOOKMARK [2][-]{subsection.1.1}{1.1 平方根}{section.1}% 2
\BOOKMARK [2][-]{subsection.1.2}{1.2 対数の変換公式}{section.1}% 3
\BOOKMARK [2][-]{subsection.1.3}{1.3 重心}{section.1}% 4
\BOOKMARK [2][-]{subsection.1.4}{1.4 動滑車}{section.1}% 5
\BOOKMARK [2][-]{subsection.1.5}{1.5 正規化}{section.1}% 6
\BOOKMARK [2][-]{subsection.1.6}{1.6 逆三角関数}{section.1}% 7
\BOOKMARK [2][-]{subsection.1.7}{1.7 単位ベクトル}{section.1}% 8
\BOOKMARK [1][-]{section.2}{2 線形代数}{}% 9
\BOOKMARK [2][-]{subsection.2.1}{2.1 行列}{section.2}% 10
\BOOKMARK [2][-]{subsection.2.2}{2.2 一次独立・一次従属}{section.2}% 11
\BOOKMARK [2][-]{subsection.2.3}{2.3 連立一次方程式}{section.2}% 12
\BOOKMARK [2][-]{subsection.2.4}{2.4 行列式}{section.2}% 13
\BOOKMARK [2][-]{subsection.2.5}{2.5 固有値と固有ベクトルの計算}{section.2}% 14
\BOOKMARK [2][-]{subsection.2.6}{2.6 行列のn乗}{section.2}% 15
\BOOKMARK [1][-]{section.3}{3 微積分}{}% 16
\BOOKMARK [2][-]{subsection.3.1}{3.1 基本的な微分と積分}{section.3}% 17
\BOOKMARK [2][-]{subsection.3.2}{3.2 関数のべき級数展開}{section.3}% 18
\BOOKMARK [2][-]{subsection.3.3}{3.3 1変数の積分}{section.3}% 19
\BOOKMARK [2][-]{subsection.3.4}{3.4 極限}{section.3}% 20
\BOOKMARK [2][-]{subsection.3.5}{3.5 多変数関数}{section.3}% 21
\BOOKMARK [2][-]{subsection.3.6}{3.6 重積分}{section.3}% 22
\BOOKMARK [1][-]{section.4}{4 微分方程式}{}% 23
\BOOKMARK [2][-]{subsection.4.1}{4.1 微分方程式とは}{section.4}% 24
\BOOKMARK [2][-]{subsection.4.2}{4.2 1階常微分方程式}{section.4}% 25
\BOOKMARK [2][-]{subsection.4.3}{4.3 線形微分方程式}{section.4}% 26
\BOOKMARK [2][-]{subsection.4.4}{4.4 1階線形微分方程式}{section.4}% 27
\BOOKMARK [2][-]{subsection.4.5}{4.5 ベルヌーイの微分方程式}{section.4}% 28
\BOOKMARK [2][-]{subsection.4.6}{4.6 完全微分方程式}{section.4}% 29
\BOOKMARK [2][-]{subsection.4.7}{4.7 クレローの微分方程式}{section.4}% 30
\BOOKMARK [2][-]{subsection.4.8}{4.8 二階線形同次微分方程式}{section.4}% 31
\BOOKMARK [2][-]{subsection.4.9}{4.9 二階線形非同次微分方程式}{section.4}% 32
\BOOKMARK [2][-]{subsection.4.10}{4.10 オイラーの微分方程式}{section.4}% 33
\BOOKMARK [1][-]{section.5}{5 材料力学}{}% 34
\BOOKMARK [2][-]{subsection.5.1}{5.1 引張・圧縮}{section.5}% 35
\BOOKMARK [2][-]{subsection.5.2}{5.2 ねじり・せん断応力}{section.5}% 36
\BOOKMARK [2][-]{subsection.5.3}{5.3 曲げ}{section.5}% 37
\BOOKMARK [2][-]{subsection.5.4}{5.4 平等強さ}{section.5}% 38
\BOOKMARK [2][-]{subsection.5.5}{5.5 断面二次モーメントと断面二次極モーメント}{section.5}% 39
\BOOKMARK [2][-]{subsection.5.6}{5.6 たわみの微分方程式}{section.5}% 40
\BOOKMARK [2][-]{subsection.5.7}{5.7 線膨張係数と熱応力}{section.5}% 41
\BOOKMARK [2][-]{subsection.5.8}{5.8 SFDとBMD}{section.5}% 42
\BOOKMARK [2][-]{subsection.5.9}{5.9 不静定問題}{section.5}% 43
\BOOKMARK [2][-]{subsection.5.10}{5.10 モールの応力円}{section.5}% 44
\BOOKMARK [2][-]{subsection.5.11}{5.11 材料の破断}{section.5}% 45
\BOOKMARK [2][-]{subsection.5.12}{5.12 薄肉円筒}{section.5}% 46
\BOOKMARK [1][-]{section.6}{6 機械力学}{}% 47
\BOOKMARK [2][-]{subsection.6.1}{6.1 一自由度並進運動}{section.6}% 48
\BOOKMARK [2][-]{subsection.6.2}{6.2 剛体円盤のねじり振動系}{section.6}% 49
\BOOKMARK [2][-]{subsection.6.3}{6.3 \(例題\) 回転に関する運動方程式を求める}{section.6}% 50
\BOOKMARK [2][-]{subsection.6.4}{6.4 自由振動}{section.6}% 51
\BOOKMARK [2][-]{subsection.6.5}{6.5 特性方程式}{section.6}% 52
\BOOKMARK [2][-]{subsection.6.6}{6.6 強制振動}{section.6}% 53
\BOOKMARK [2][-]{subsection.6.7}{6.7 調和外力に対する定常応答}{section.6}% 54
\BOOKMARK [2][-]{subsection.6.8}{6.8 共振曲線}{section.6}% 55
\BOOKMARK [2][-]{subsection.6.9}{6.9 その他}{section.6}% 56
\BOOKMARK [1][-]{section.7}{7 熱力学}{}% 57
\BOOKMARK [2][-]{subsection.7.1}{7.1 熱力学第一法則}{section.7}% 58
\BOOKMARK [2][-]{subsection.7.2}{7.2 理想気体}{section.7}% 59
\BOOKMARK [2][-]{subsection.7.3}{7.3 熱力学第二法則}{section.7}% 60
\BOOKMARK [2][-]{subsection.7.4}{7.4 エントロピ}{section.7}% 61
\BOOKMARK [2][-]{subsection.7.5}{7.5 加熱・放熱}{section.7}% 62
\BOOKMARK [2][-]{subsection.7.6}{7.6 膨張・圧縮}{section.7}% 63
\BOOKMARK [2][-]{subsection.7.7}{7.7 サイクル}{section.7}% 64
\BOOKMARK [2][-]{subsection.7.8}{7.8 再生ブレイトンサイクル}{section.7}% 65
\BOOKMARK [2][-]{subsection.7.9}{7.9 乾き度}{section.7}% 66
\BOOKMARK [1][-]{section.8}{8 流体力学}{}% 67
\BOOKMARK [2][-]{subsection.8.1}{8.1 静止流体の力学}{section.8}% 68
\BOOKMARK [2][-]{subsection.8.2}{8.2 粘性流体の力学}{section.8}% 69
\BOOKMARK [2][-]{subsection.8.3}{8.3 流体の質量保存則}{section.8}% 70
\BOOKMARK [2][-]{subsection.8.4}{8.4 流体のエネルギー保存則}{section.8}% 71
\BOOKMARK [2][-]{subsection.8.5}{8.5 流体の運動量保存の法則}{section.8}% 72
\BOOKMARK [2][-]{subsection.8.6}{8.6 流体の運動方程式}{section.8}% 73
\BOOKMARK [2][-]{subsection.8.7}{8.7 2次元の連続の式・オイラーの運動方程式の導出}{section.8}% 74
\BOOKMARK [2][-]{subsection.8.8}{8.8 流体のせん断応力}{section.8}% 75
\BOOKMARK [2][-]{subsection.8.9}{8.9 応力テンソル}{section.8}% 76
\BOOKMARK [2][-]{subsection.8.10}{8.10 レイノルズ数}{section.8}% 77
\BOOKMARK [2][-]{subsection.8.11}{8.11 境界層}{section.8}% 78
\BOOKMARK [2][-]{subsection.8.12}{8.12 流れ場の幾何学的表現}{section.8}% 79
\BOOKMARK [2][-]{subsection.8.13}{8.13 渦度}{section.8}% 80
\BOOKMARK [2][-]{subsection.8.14}{8.14 流れ関数}{section.8}% 81
\BOOKMARK [2][-]{subsection.8.15}{8.15 速度ポテンシャル}{section.8}% 82
\BOOKMARK [2][-]{subsection.8.16}{8.16 コーシー・リーマンの関係式}{section.8}% 83
