INFO:  latexindent.exe version 3.9.3, 2021-05-07, a script to indent .tex files
       latexindent.exe lives here: C:/texlive/2021/bin/win32/
       Tue Jun 29 16:44:47 2021
       Filename: c:/Users/Kitadai/git_windows/code/tex/study/02_mecanics_of_materials/__latexindent_temp.tex
INFO:  Processing switches:
       -y|--yaml: YAML settings specified via command line
       -c|--cruft: cruft directory
INFO:  Directory for backup files and c:/Users/Kitadai/git_windows/code/tex/how_to_install//indent.log: c:/Users/Kitadai/git_windows/code/tex/how_to_install/
INFO:  YAML settings read: defaultSettings.yaml
        Reading defaultSettings.yaml from C:/texlive/2021/bin/win32/defaultSettings.yaml
       Reading defaultSettings.yaml (2nd attempt, TeXLive, Windows) from C:/texlive/2021/bin/win32/../../texmf-dist/scripts/latexindent/defaultSettings.yaml
INFO:  YAML settings read: indentconfig.yaml or .indentconfig.yaml
       Home directory is C:\Users\Kitadai (didn't find either indentconfig.yaml or .indentconfig.yaml)
       To specify user settings you would put indentconfig.yaml here: C:\Users\Kitadai/indentconfig.yaml
       Alternatively, you can use the hidden file .indentconfig.yaml as: C:\Users\Kitadai/.indentconfig.yaml
INFO:  YAML settings read: -y switch
       YAML setting: defaultIndent:'\t'
       Updating masterSettings with defaultIndent: 	
INFO:  Phase 1: searching for objects
INFO:  Phase 2: finding surrounding indentation
INFO:  Phase 3: indenting objects
INFO:  Phase 4: final indentation check
INFO:  Output routine:
       Not outputting to file; see -w and -o switches for more options.
       --------------
INFO:  Please direct all communication/issues to:
        https://github.com/cmhughes/latexindent.pl
