\BOOKMARK [1][-]{section.1}{コンセプト}{}% 1
\BOOKMARK [1][-]{section.2}{機能}{}% 2
\BOOKMARK [2][-]{subsection.2.1}{利用性：つかいやすさ}{section.2}% 3
\BOOKMARK [2][-]{subsection.2.2}{製作性：つくりやすさ}{section.2}% 4
\BOOKMARK [1][-]{section.3}{設計}{}% 5
\BOOKMARK [2][-]{subsection.3.1}{センサ}{section.3}% 6
\BOOKMARK [2][-]{subsection.3.2}{表示方法}{section.3}% 7
\BOOKMARK [2][-]{subsection.3.3}{プログラム}{section.3}% 8
\BOOKMARK [2][-]{subsection.3.4}{Webサーバ}{section.3}% 9
\BOOKMARK [1][-]{section.4}{試用結果}{}% 10
\BOOKMARK [1][-]{section.5}{今後の展望}{}% 11
\BOOKMARK [2][-]{subsection.5.1}{ケースの作成}{section.5}% 12
\BOOKMARK [2][-]{subsection.5.2}{複数のセンサとの同期}{section.5}% 13
\BOOKMARK [2][-]{subsection.5.3}{製作マニュアルの作成・公開}{section.5}% 14
\BOOKMARK [2][-]{subsection.5.4}{製作動画の撮影・公開}{section.5}% 15
\BOOKMARK [1][-]{section.6}{製作に使用したもの}{}% 16
\BOOKMARK [2][-]{subsection.6.1}{材料・製品}{section.6}% 17
\BOOKMARK [2][-]{subsection.6.2}{ソフトウェア}{section.6}% 18
\BOOKMARK [2][-]{subsection.6.3}{言語}{section.6}% 19
\BOOKMARK [1][-]{section.7}{参考資料}{}% 20
