\BOOKMARK [1][-]{section.1}{1 基本知識}{}% 1
\BOOKMARK [2][-]{subsection.1.1}{1.1 平方根}{section.1}% 2
\BOOKMARK [1][-]{section.2}{2 線形代数}{}% 3
\BOOKMARK [2][-]{subsection.2.1}{2.1 行列式}{section.2}% 4
\BOOKMARK [2][-]{subsection.2.2}{2.2 連立一次方程式,基本変形}{section.2}% 5
\BOOKMARK [2][-]{subsection.2.3}{2.3 固有値と固有ベクトルの計算}{section.2}% 6
\BOOKMARK [1][-]{section.3}{3 微積分}{}% 7
\BOOKMARK [2][-]{subsection.3.1}{3.1 微分の公式}{section.3}% 8
\BOOKMARK [2][-]{subsection.3.2}{3.2 関数のべき級数展開}{section.3}% 9
\BOOKMARK [2][-]{subsection.3.3}{3.3 1変数の積分}{section.3}% 10
\BOOKMARK [2][-]{subsection.3.4}{3.4 多変数関数}{section.3}% 11
\BOOKMARK [2][-]{subsection.3.5}{3.5 重積分}{section.3}% 12
\BOOKMARK [1][-]{section.4}{4 微分方程式}{}% 13
\BOOKMARK [2][-]{subsection.4.1}{4.1 1階常微分方程式}{section.4}% 14
\BOOKMARK [2][-]{subsection.4.2}{4.2 線形微分方程式}{section.4}% 15
\BOOKMARK [1][-]{section.5}{5 材料力学}{}% 16
\BOOKMARK [2][-]{subsection.5.1}{5.1 引張・圧縮}{section.5}% 17
\BOOKMARK [2][-]{subsection.5.2}{5.2 ねじり・せん断応力}{section.5}% 18
\BOOKMARK [2][-]{subsection.5.3}{5.3 曲げ}{section.5}% 19
\BOOKMARK [2][-]{subsection.5.4}{5.4 たわみの微分方程式}{section.5}% 20
\BOOKMARK [2][-]{subsection.5.5}{5.5 線膨張係数と熱応力}{section.5}% 21
\BOOKMARK [2][-]{subsection.5.6}{5.6 破断説}{section.5}% 22
\BOOKMARK [1][-]{section.6}{6 流体力学}{}% 23
\BOOKMARK [2][-]{subsection.6.1}{6.1 流体のエネルギー保存則}{section.6}% 24
