\BOOKMARK [1][-]{section.1}{1 線形代数}{}% 1
\BOOKMARK [2][-]{subsection.1.1}{1.1 行列}{section.1}% 2
\BOOKMARK [3][-]{subsubsection.1.1.1}{1.1.1 行列演算の性質}{subsection.1.1}% 3
\BOOKMARK [2][-]{subsection.1.2}{1.2 一次独立・一次従属}{section.1}% 4
\BOOKMARK [2][-]{subsection.1.3}{1.3 連立一次方程式}{section.1}% 5
\BOOKMARK [3][-]{subsubsection.1.3.1}{1.3.1 単位行列}{subsection.1.3}% 6
\BOOKMARK [3][-]{subsubsection.1.3.2}{1.3.2 逆行列}{subsection.1.3}% 7
\BOOKMARK [3][-]{subsubsection.1.3.3}{1.3.3 逆行列の掃出法}{subsection.1.3}% 8
\BOOKMARK [3][-]{subsubsection.1.3.4}{1.3.4 基底}{subsection.1.3}% 9
\BOOKMARK [3][-]{subsubsection.1.3.5}{1.3.5 ランク \(階数\)}{subsection.1.3}% 10
\BOOKMARK [3][-]{subsubsection.1.3.6}{1.3.6 解空間の次元}{subsection.1.3}% 11
\BOOKMARK [3][-]{subsubsection.1.3.7}{1.3.7 基底・ランク・解空間の関係}{subsection.1.3}% 12
\BOOKMARK [3][-]{subsubsection.1.3.8}{1.3.8 クラメールの公式}{subsection.1.3}% 13
\BOOKMARK [3][-]{subsubsection.1.3.9}{1.3.9 \(例題\) クラメールの公式}{subsection.1.3}% 14
\BOOKMARK [2][-]{subsection.1.4}{1.4 行列式}{section.1}% 15
\BOOKMARK [3][-]{subsubsection.1.4.1}{1.4.1 行列式の性質}{subsection.1.4}% 16
\BOOKMARK [3][-]{subsubsection.1.4.2}{1.4.2 余因子行列}{subsection.1.4}% 17
\BOOKMARK [2][-]{subsection.1.5}{1.5 固有値と固有ベクトルの計算}{section.1}% 18
\BOOKMARK [3][-]{subsubsection.1.5.1}{1.5.1 固有値と固有ベクトル}{subsection.1.5}% 19
\BOOKMARK [3][-]{subsubsection.1.5.2}{1.5.2 固有ベクトルの正規化}{subsection.1.5}% 20
\BOOKMARK [3][-]{subsubsection.1.5.3}{1.5.3 固有ベクトルの直交性}{subsection.1.5}% 21
\BOOKMARK [3][-]{subsubsection.1.5.4}{1.5.4 行列の対角化}{subsection.1.5}% 22
\BOOKMARK [3][-]{subsubsection.1.5.5}{1.5.5 対角化可能性}{subsection.1.5}% 23
\BOOKMARK [3][-]{subsubsection.1.5.6}{1.5.6 対角化の手順}{subsection.1.5}% 24
\BOOKMARK [3][-]{subsubsection.1.5.7}{1.5.7 ジョルダン標準形}{subsection.1.5}% 25
\BOOKMARK [2][-]{subsection.1.6}{1.6 行列のn乗}{section.1}% 26
\BOOKMARK [3][-]{subsubsection.1.6.1}{1.6.1 対角行列のn乗}{subsection.1.6}% 27
\BOOKMARK [3][-]{subsubsection.1.6.2}{1.6.2 対角化可能な行列のn乗}{subsection.1.6}% 28
\BOOKMARK [1][-]{section.2}{2 微積分}{}% 29
\BOOKMARK [2][-]{subsection.2.1}{2.1 基本的な微分と積分}{section.2}% 30
\BOOKMARK [2][-]{subsection.2.2}{2.2 関数のべき級数展開}{section.2}% 31
\BOOKMARK [3][-]{subsubsection.2.2.1}{2.2.1 Taylor展開}{subsection.2.2}% 32
\BOOKMARK [3][-]{subsubsection.2.2.2}{2.2.2 Maclaurin展開}{subsection.2.2}% 33
\BOOKMARK [2][-]{subsection.2.3}{2.3 全微分と偏微分}{section.2}% 34
\BOOKMARK [3][-]{subsubsection.2.3.1}{2.3.1 微分とは}{subsection.2.3}% 35
\BOOKMARK [3][-]{subsubsection.2.3.2}{2.3.2 全微分}{subsection.2.3}% 36
\BOOKMARK [3][-]{subsubsection.2.3.3}{2.3.3 偏微分}{subsection.2.3}% 37
\BOOKMARK [3][-]{subsubsection.2.3.4}{2.3.4 合成関数の偏微分}{subsection.2.3}% 38
\BOOKMARK [2][-]{subsection.2.4}{2.4 1変数の積分}{section.2}% 39
\BOOKMARK [3][-]{subsubsection.2.4.1}{2.4.1 積分を解くにあたって}{subsection.2.4}% 40
\BOOKMARK [3][-]{subsubsection.2.4.2}{2.4.2 部分積分}{subsection.2.4}% 41
\BOOKMARK [3][-]{subsubsection.2.4.3}{2.4.3 三角関数の積分}{subsection.2.4}% 42
\BOOKMARK [3][-]{subsubsection.2.4.4}{2.4.4 広義積分}{subsection.2.4}% 43
\BOOKMARK [2][-]{subsection.2.5}{2.5 極限}{section.2}% 44
\BOOKMARK [3][-]{subsubsection.2.5.1}{2.5.1 ロピタルの定理}{subsection.2.5}% 45
\BOOKMARK [2][-]{subsection.2.6}{2.6 多変数関数}{section.2}% 46
\BOOKMARK [3][-]{subsubsection.2.6.1}{2.6.1 多変数関数の極値}{subsection.2.6}% 47
\BOOKMARK [3][-]{subsubsection.2.6.2}{2.6.2 接平面の方程式・法線の方程式}{subsection.2.6}% 48
\BOOKMARK [3][-]{subsubsection.2.6.3}{2.6.3 陰関数の定理}{subsection.2.6}% 49
\BOOKMARK [2][-]{subsection.2.7}{2.7 重積分}{section.2}% 50
\BOOKMARK [3][-]{subsubsection.2.7.1}{2.7.1 累次積分}{subsection.2.7}% 51
\BOOKMARK [3][-]{subsubsection.2.7.2}{2.7.2 積分区間の変換}{subsection.2.7}% 52
\BOOKMARK [3][-]{subsubsection.2.7.3}{2.7.3 変数変換公式}{subsection.2.7}% 53
\BOOKMARK [1][-]{section.3}{3 微分方程式}{}% 54
\BOOKMARK [2][-]{subsection.3.1}{3.1 微分方程式とは}{section.3}% 55
\BOOKMARK [3][-]{subsubsection.3.1.1}{3.1.1 微分方程式の解の一意性}{subsection.3.1}% 56
\BOOKMARK [2][-]{subsection.3.2}{3.2 1階常微分方程式}{section.3}% 57
\BOOKMARK [3][-]{subsubsection.3.2.1}{3.2.1 直接微分形}{subsection.3.2}% 58
\BOOKMARK [3][-]{subsubsection.3.2.2}{3.2.2 変数分離形}{subsection.3.2}% 59
\BOOKMARK [3][-]{subsubsection.3.2.3}{3.2.3 同次形}{subsection.3.2}% 60
\BOOKMARK [3][-]{subsubsection.3.2.4}{3.2.4 y'=f\(x+y+\)の形}{subsection.3.2}% 61
\BOOKMARK [2][-]{subsection.3.3}{3.3 線形微分方程式}{section.3}% 62
\BOOKMARK [2][-]{subsection.3.4}{3.4 1階線形微分方程式}{section.3}% 63
\BOOKMARK [3][-]{subsubsection.3.4.1}{3.4.1 特殊解y=\(x\)がわかっている場合}{subsection.3.4}% 64
\BOOKMARK [3][-]{subsubsection.3.4.2}{3.4.2 定数変化法}{subsection.3.4}% 65
\BOOKMARK [3][-]{subsubsection.3.4.3}{3.4.3 積分因子}{subsection.3.4}% 66
\BOOKMARK [2][-]{subsection.3.5}{3.5 ベルヌーイの微分方程式}{section.3}% 67
\BOOKMARK [2][-]{subsection.3.6}{3.6 完全微分方程式}{section.3}% 68
\BOOKMARK [3][-]{subsubsection.3.6.1}{3.6.1 具体的なF\(x,y\)の探し方}{subsection.3.6}% 69
\BOOKMARK [2][-]{subsection.3.7}{3.7 クレローの微分方程式}{section.3}% 70
\BOOKMARK [2][-]{subsection.3.8}{3.8 二階線形同次微分方程式}{section.3}% 71
\BOOKMARK [3][-]{subsubsection.3.8.1}{3.8.1 二階同次定係数微分方程式}{subsection.3.8}% 72
\BOOKMARK [2][-]{subsection.3.9}{3.9 二階線形非同次微分方程式}{section.3}% 73
\BOOKMARK [3][-]{subsubsection.3.9.1}{3.9.1 特殊解 \(x\)がわかっている場合}{subsection.3.9}% 74
\BOOKMARK [3][-]{subsubsection.3.9.2}{3.9.2 特殊解を予想する}{subsection.3.9}% 75
\BOOKMARK [3][-]{subsubsection.3.9.3}{3.9.3 定数変化法}{subsection.3.9}% 76
\BOOKMARK [2][-]{subsection.3.10}{3.10 オイラーの微分方程式}{section.3}% 77
