\BOOKMARK [1][-]{section.1}{1 静止流体の力学}{}% 1
\BOOKMARK [2][-]{subsection.1.1}{1.1 静水圧}{section.1}% 2
\BOOKMARK [2][-]{subsection.1.2}{1.2 \(例題\) 流入出口が受ける圧力}{section.1}% 3
\BOOKMARK [2][-]{subsection.1.3}{1.3 表面張力}{section.1}% 4
\BOOKMARK [1][-]{section.2}{2 粘性流体の力学}{}% 5
\BOOKMARK [1][-]{section.3}{3 流体の質量保存則}{}% 6
\BOOKMARK [1][-]{section.4}{4 流体のエネルギー保存則}{}% 7
\BOOKMARK [2][-]{subsection.4.1}{4.1 トリチェリの定理}{section.4}% 8
\BOOKMARK [1][-]{section.5}{5 流体の運動量保存の法則}{}% 9
\BOOKMARK [1][-]{section.6}{6 \(例題\) 運動量保存則}{}% 10
\BOOKMARK [1][-]{section.7}{7 流体の運動方程式}{}% 11
\BOOKMARK [2][-]{subsection.7.1}{7.1 流体の運動を表す2つの運動方程式}{section.7}% 12
\BOOKMARK [2][-]{subsection.7.2}{7.2 オイラーの運動方程式とナビエ・ストークス方程式の違い}{section.7}% 13
\BOOKMARK [2][-]{subsection.7.3}{7.3 運動量保存から圧力損失を導く}{section.7}% 14
\BOOKMARK [1][-]{section.8}{8 2次元の連続の式・オイラーの運動方程式の導出}{}% 15
\BOOKMARK [2][-]{subsection.8.1}{8.1 2次元の連続の式の導出}{section.8}% 16
\BOOKMARK [2][-]{subsection.8.2}{8.2 2次元のオイラーの運動方程式の導出}{section.8}% 17
\BOOKMARK [2][-]{subsection.8.3}{8.3 クエット流}{section.8}% 18
\BOOKMARK [2][-]{subsection.8.4}{8.4 ハーゲン・ポアズイユ流}{section.8}% 19
\BOOKMARK [1][-]{section.9}{9 流体のせん断応力}{}% 20
\BOOKMARK [2][-]{subsection.9.1}{9.1 \(例題\) 板が流体から受ける力}{section.9}% 21
\BOOKMARK [1][-]{section.10}{10 応力テンソル}{}% 22
\BOOKMARK [1][-]{section.11}{11 レイノルズ数}{}% 23
\BOOKMARK [1][-]{section.12}{12 境界層}{}% 24
\BOOKMARK [1][-]{section.13}{13 流れ場の幾何学的表現}{}% 25
\BOOKMARK [2][-]{subsection.13.1}{13.1 流線}{section.13}% 26
\BOOKMARK [2][-]{subsection.13.2}{13.2 流跡線}{section.13}% 27
\BOOKMARK [2][-]{subsection.13.3}{13.3 流脈}{section.13}% 28
\BOOKMARK [1][-]{section.14}{14 渦度}{}% 29
\BOOKMARK [1][-]{section.15}{15 流れ関数}{}% 30
\BOOKMARK [1][-]{section.16}{16 速度ポテンシャル}{}% 31
\BOOKMARK [1][-]{section.17}{17 コーシー・リーマンの関係式}{}% 32
\BOOKMARK [2][-]{subsection.17.1}{17.1 直交性の証明}{section.17}% 33
