\BOOKMARK [1][-]{section.1}{1 熱力学第一法則}{}% 1
\BOOKMARK [2][-]{subsection.1.1}{1.1 閉じた系}{section.1}% 2
\BOOKMARK [2][-]{subsection.1.2}{1.2 内部エネルギ}{section.1}% 3
\BOOKMARK [2][-]{subsection.1.3}{1.3 開いた系}{section.1}% 4
\BOOKMARK [2][-]{subsection.1.4}{1.4 エンタルピ}{section.1}% 5
\BOOKMARK [1][-]{section.2}{2 理想気体}{}% 6
\BOOKMARK [1][-]{section.3}{3 熱力学第二法則}{}% 7
\BOOKMARK [2][-]{subsection.3.1}{3.1 仕事}{section.3}% 8
\BOOKMARK [2][-]{subsection.3.2}{3.2 熱効率}{section.3}% 9
\BOOKMARK [1][-]{section.4}{4 エントロピ}{}% 10
\BOOKMARK [1][-]{section.5}{5 加熱・放熱}{}% 11
\BOOKMARK [2][-]{subsection.5.1}{5.1 等容過程}{section.5}% 12
\BOOKMARK [2][-]{subsection.5.2}{5.2 等圧過程}{section.5}% 13
\BOOKMARK [1][-]{section.6}{6 膨張・圧縮}{}% 14
\BOOKMARK [2][-]{subsection.6.1}{6.1 等温過程}{section.6}% 15
\BOOKMARK [2][-]{subsection.6.2}{6.2 断熱\(等エントロピー\)過程}{section.6}% 16
\BOOKMARK [2][-]{subsection.6.3}{6.3 ポアソンの式とその導出}{section.6}% 17
\BOOKMARK [1][-]{section.7}{7 サイクル}{}% 18
\BOOKMARK [2][-]{subsection.7.1}{7.1 カルノーサイクル}{section.7}% 19
\BOOKMARK [2][-]{subsection.7.2}{7.2 オットーサイクル}{section.7}% 20
\BOOKMARK [2][-]{subsection.7.3}{7.3 ディーゼルサイクル}{section.7}% 21
\BOOKMARK [2][-]{subsection.7.4}{7.4 サバテサイクル}{section.7}% 22
\BOOKMARK [2][-]{subsection.7.5}{7.5 ブレイトンサイクル}{section.7}% 23
\BOOKMARK [1][-]{section.8}{8 再生ブレイトンサイクル \(未完成\)}{}% 24
\BOOKMARK [1][-]{section.9}{9 乾き度 \(未完成\)}{}% 25
\BOOKMARK [2][-]{subsection.9.1}{9.1 湿り蒸気}{section.9}% 26
